============================= test session starts =============================
platform win32 -- Python 3.10.11, pytest-9.0.2, pluggy-1.6.0 -- C:\Program Files\Python310\python.exe
cachedir: .pytest_cache
rootdir: C:\Users\rafae\Documents\Vibecoding\Zapista\lembretezap
configfile: pyproject.toml
plugins: anyio-4.12.1, langsmith-0.7.9, asyncio-1.3.0
asyncio: mode=auto, debug=False, asyncio_default_fixture_loop_scope=None, asyncio_default_test_loop_scope=function
collecting ... collected 425 items

tests/test_admin_commands.py::test_god_mode_password_empty PASSED
tests/test_admin_commands.py::test_god_mode_password_match PASSED
tests/test_admin_commands.py::test_god_mode_activate_and_check PASSED
tests/test_admin_commands.py::test_parse_admin_command PASSED
tests/test_admin_commands.py::test_handle_admin_command_status PASSED
tests/test_admin_commands.py::test_handle_admin_command_unknown PASSED
tests/test_admin_commands.py::test_handle_admin_command_users_mock_db PASSED
tests/test_admin_commands.py::test_handle_admin_command_cleanup_no_db PASSED
tests/test_admin_commands.py::test_handle_admin_command_users_no_db PASSED
tests/test_admin_commands.py::test_handle_admin_command_cron PASSED
tests/test_admin_commands.py::test_handle_admin_command_cron_no_file PASSED
tests/test_admin_commands.py::test_handle_admin_command_server PASSED
tests/test_admin_commands.py::test_handle_admin_command_msgs PASSED
tests/test_admin_commands.py::test_handle_admin_command_system PASSED
tests/test_admin_commands.py::test_handle_admin_command_ai PASSED
tests/test_admin_commands.py::test_handle_admin_command_painpoints PASSED
2026-03-21 22:46:50.061 | WARNING  | backend.admin_commands:log_unauthorized:164 - admin_unauthorized from=35191234*** cmd=#users ts=1774133210
tests/test_admin_commands.py::test_log_unauthorized_no_raise PASSED
2026-03-21 22:46:50.071 | WARNING  | backend.god_mode_lockout:record_failed_attempt:107 - god_mode_lockout chat_id=test_lockout*** attempts=5 locked_until_ts=1774134110
tests/test_admin_commands.py::test_god_mode_lockout PASSED
tests/test_admin_commands.py::test_handle_admin_command_lockout PASSED
tests/test_agenda_fix.py::test_agenda_recognition_various_languages PASSED
tests/test_agenda_fix.py::test_reminder_creation_regression PASSED
2026-03-21 22:46:50.206 | INFO     | zapista.agent.loop:_process_message_impl:2055 - Processing message from cli:user: Me lembre de beber ßgua a cada 2 horas
2026-03-21 22:46:50.260 | INFO     | zapista.agent.loop:_process_message_impl:2229 - Response to cli:user: Lembrete agendado! Vou te avisar para beber ßgua a cada 2 horas.
tests/test_agent_organizer.py::test_agent_schedules_reminder_via_cron PASSED
tests/test_agent_organizer.py::test_agent_loop_has_message_and_cron_tools PASSED
tests/test_audio_request.py::test_detects_audio_request_pt PASSED
tests/test_audio_request.py::test_detects_audio_request_en PASSED
tests/test_audio_request.py::test_no_false_positives PASSED
tests/test_backend.py::test_scope_filter_in_scope PASSED
tests/test_backend.py::test_scope_filter_out_of_scope PASSED
tests/test_backend.py::test_scope_filter_llm_sim_nao PASSED
tests/test_backend.py::test_crypto_intent PASSED
tests/test_backend.py::test_crypto_prices_build PASSED
tests/test_backend.py::test_guardrails_should_skip_reply PASSED
tests/test_backend.py::test_models_and_db PASSED
tests/test_backend.py::test_command_parser PASSED
tests/test_backend.py::test_command_parser_lembrete_timezone_amanha PASSED
tests/test_backend.py::test_rate_limit PASSED
tests/test_backend.py::test_rate_limit_token_bucket_refill PASSED
tests/test_backend.py::test_command_filter PASSED
tests/test_backend.py::test_fastapi_health PASSED
tests/test_backend.py::test_fastapi_api_key_auth PASSED
tests/test_backend.py::test_config_get_provider_fallback_when_matched_provider_has_no_key PASSED
2026-03-21 22:46:54.509 | DEBUG    | zapista.channels.whatsapp:_handle_bridge_message:353 - Ignoring message from group (we only respond in private chats)
tests/test_channels_whatsapp.py::test_group_message_ignored PASSED
2026-03-21 22:46:54.515 | DEBUG    | zapista.channels.whatsapp:_handle_bridge_message:353 - Ignoring message from group (we only respond in private chats)
tests/test_channels_whatsapp.py::test_group_message_by_jid_suffix_ignored PASSED
2026-03-21 22:46:54.520 | INFO     | zapista.channels.whatsapp:_handle_bridge_message:373 - WhatsApp from sender='5511999999999@s.whatsapp.net' pn='' \u2192 chat_id='5511999999999@s.whatsapp.net' (sender_id='5511999999999')
tests/test_channels_whatsapp.py::test_chat_message_forwarded PASSED
tests/test_channels_whatsapp.py::test_is_allowed_audio PASSED
tests/test_channels_whatsapp.py::test_is_allowed_tts PASSED
tests/test_ddd_timezone.py::test_ddd_city_and_tz_known[5571919191919-Salvador-America/Bahia] PASSED
tests/test_ddd_timezone.py::test_ddd_city_and_tz_known[5571919191919@s.whatsapp.net-Salvador-America/Bahia] PASSED
tests/test_ddd_timezone.py::test_ddd_city_and_tz_known[5511999999999-S\xe3o Paulo-America/Sao_Paulo] PASSED
tests/test_ddd_timezone.py::test_ddd_city_and_tz_known[5521999999999-Rio de Janeiro-America/Sao_Paulo] PASSED
tests/test_ddd_timezone.py::test_ddd_city_and_tz_known[5592999999999-Manaus-America/Manaus] PASSED
tests/test_ddd_timezone.py::test_ddd_city_and_tz_known[5585999999999-Fortaleza-America/Fortaleza] PASSED
tests/test_ddd_timezone.py::test_ddd_city_and_tz_known[5581999999999-Recife-America/Recife] PASSED
tests/test_ddd_timezone.py::test_ddd_city_and_tz_known[5561999999999-Bras\xedlia-America/Sao_Paulo] PASSED
tests/test_ddd_timezone.py::test_ddd_city_and_tz_known[5591999999999-Bel\xe9m-America/Belem] PASSED
tests/test_ddd_timezone.py::test_ddd_city_and_tz_known[5541999999999-Curitiba-America/Sao_Paulo] PASSED
tests/test_ddd_timezone.py::test_ddd_city_and_tz_known[5568999999999-Rio Branco-America/Rio_Branco] PASSED
tests/test_ddd_timezone.py::test_ddd_city_and_tz_known[5569999999999-Porto Velho-America/Porto_Velho] PASSED
tests/test_ddd_timezone.py::test_ddd_city_and_tz_known[5595999999999-Boa Vista-America/Boa_Vista] PASSED
tests/test_ddd_timezone.py::test_ddd_city_and_tz_known[5567999999999-Campo Grande-America/Campo_Grande] PASSED
tests/test_ddd_timezone.py::test_ddd_city_and_tz_returns_none[351911234567] PASSED
tests/test_ddd_timezone.py::test_ddd_city_and_tz_returns_none[351911234567@s.whatsapp.net] PASSED
tests/test_ddd_timezone.py::test_ddd_city_and_tz_returns_none[5491199999999] PASSED
tests/test_ddd_timezone.py::test_ddd_city_and_tz_returns_none[5560999999999] PASSED
tests/test_ddd_timezone.py::test_ddd_city_and_tz_returns_none[55] PASSED
tests/test_ddd_timezone.py::test_ddd_city_and_tz_returns_none[551] PASSED
tests/test_ddd_timezone.py::test_ddd_city_and_tz_returns_none[abc] PASSED
tests/test_ddd_timezone.py::test_ddd_city_and_tz_returns_none[] PASSED
tests/test_ddd_timezone.py::test_ddd_city_and_tz_returns_none[None] PASSED
tests/test_ddd_timezone.py::test_ddd_city_and_tz_returns_none[123456789@lid] PASSED
tests/test_deep_stress_load.py::test_spike_200_users_in_5_seconds PASSED
tests/test_deep_stress_load.py::test_sustained_100_users_30_seconds PASSED
tests/test_deep_stress_load.py::test_burst_1000_messages_in_2_seconds PASSED
tests/test_deep_stress_load.py::test_database_contention_concurrent_writes PASSED
tests/test_deep_stress_load.py::test_memory_pressure_large_lists PASSED
tests/test_deep_stress_load.py::test_recovery_after_load PASSED
tests/test_deep_stress_load.py::test_concurrent_list_operations_same_user PASSED
tests/test_deep_stress_load.py::test_full_load_report PASSED
2026-03-21 22:47:49.255 | DEBUG    | backend.router:route:155 - Handler handle_recorrente failed for full block: 'NoneType' object has no attribute 'set_context'
2026-03-21 22:47:49.272 | DEBUG    | backend.router:route:155 - Handler handle_recorrente failed for full block: 'NoneType' object has no attribute 'set_context'
2026-03-21 22:47:49.275 | DEBUG    | backend.router:route:155 - Handler handle_recorrente failed for full block: 'NoneType' object has no attribute 'set_context'
2026-03-21 22:47:49.289 | DEBUG    | backend.router:route:155 - Handler handle_recorrente failed for full block: 'NoneType' object has no attribute 'set_context'
2026-03-21 22:47:49.328 | DEBUG    | backend.router:route:155 - Handler handle_recorrente failed for full block: 'NoneType' object has no attribute 'set_context'
2026-03-21 22:47:49.336 | DEBUG    | backend.router:route:155 - Handler handle_recorrente failed for full block: 'NoneType' object has no attribute 'set_context'
2026-03-21 22:47:49.340 | DEBUG    | backend.router:route:155 - Handler handle_recorrente failed for full block: 'NoneType' object has no attribute 'set_context'
2026-03-21 22:47:49.378 | DEBUG    | backend.router:route:155 - Handler handle_recorrente failed for full block: 'NoneType' object has no attribute 'set_context'
2026-03-21 22:47:49.381 | DEBUG    | backend.router:route:155 - Handler handle_recorrente failed for full block: 'NoneType' object has no attribute 'set_context'
2026-03-21 22:47:49.384 | DEBUG    | backend.router:route:155 - Handler handle_recorrente failed for full block: 'NoneType' object has no attribute 'set_context'
2026-03-21 22:47:49.399 | DEBUG    | backend.router:route:155 - Handler handle_recorrente failed for full block: 'NoneType' object has no attribute 'set_context'
2026-03-21 22:47:49.436 | DEBUG    | backend.router:route:155 - Handler handle_recorrente failed for full block: 'NoneType' object has no attribute 'set_context'
2026-03-21 22:47:49.444 | DEBUG    | backend.router:route:155 - Handler handle_recorrente failed for full block: 'NoneType' object has no attribute 'set_context'
2026-03-21 22:47:49.452 | DEBUG    | backend.router:route:155 - Handler handle_recorrente failed for full block: 'NoneType' object has no attribute 'set_context'
2026-03-21 22:47:49.538 | DEBUG    | backend.router:route:155 - Handler handle_recorrente failed for full block: 'NoneType' object has no attribute 'set_context'
2026-03-21 22:47:49.560 | DEBUG    | backend.router:route:155 - Handler handle_recorrente failed for full block: 'NoneType' object has no attribute 'set_context'
2026-03-21 22:47:49.564 | DEBUG    | backend.router:route:155 - Handler handle_recorrente failed for full block: 'NoneType' object has no attribute 'set_context'
2026-03-21 22:47:49.581 | DEBUG    | backend.router:route:155 - Handler handle_recorrente failed for full block: 'NoneType' object has no attribute 'set_context'
2026-03-21 22:47:49.586 | DEBUG    | backend.router:route:155 - Handler handle_recorrente failed for full block: 'NoneType' object has no attribute 'set_context'
2026-03-21 22:47:49.594 | DEBUG    | backend.router:route:155 - Handler handle_recorrente failed for full block: 'NoneType' object has no attribute 'set_context'
2026-03-21 22:47:49.600 | DEBUG    | backend.router:route:155 - Handler handle_recorrente failed for full block: 'NoneType' object has no attribute 'set_context'
2026-03-21 22:47:49.603 | DEBUG    | backend.router:route:155 - Handler handle_recorrente failed for full block: 'NoneType' object has no attribute 'set_context'
2026-03-21 22:47:49.610 | DEBUG    | backend.router:route:155 - Handler handle_recorrente failed for full block: 'NoneType' object has no attribute 'set_context'
2026-03-21 22:47:49.621 | DEBUG    | backend.router:route:155 - Handler handle_recorrente failed for full block: 'NoneType' object has no attribute 'set_context'
2026-03-21 22:47:49.667 | DEBUG    | backend.router:route:155 - Handler handle_recorrente failed for full block: 'NoneType' object has no attribute 'set_context'
2026-03-21 22:47:49.691 | DEBUG    | backend.router:route:155 - Handler handle_recorrente failed for full block: 'NoneType' object has no attribute 'set_context'
2026-03-21 22:47:49.753 | DEBUG    | backend.router:route:155 - Handler handle_recorrente failed for full block: 'NoneType' object has no attribute 'set_context'
2026-03-21 22:47:49.765 | DEBUG    | backend.router:route:155 - Handler handle_recorrente failed for full block: 'NoneType' object has no attribute 'set_context'
2026-03-21 22:47:49.766 | DEBUG    | backend.router:route:155 - Handler handle_recorrente failed for full block: 'NoneType' object has no attribute 'set_context'
2026-03-21 22:47:49.771 | DEBUG    | backend.router:route:155 - Handler handle_recorrente failed for full block: 'NoneType' object has no attribute 'set_context'
2026-03-21 22:47:49.776 | DEBUG    | backend.router:route:155 - Handler handle_recorrente failed for full block: 'NoneType' object has no attribute 'set_context'
2026-03-21 22:47:49.778 | DEBUG    | backend.router:route:155 - Handler handle_recorrente failed for full block: 'NoneType' object has no attribute 'set_context'
2026-03-21 22:47:49.803 | DEBUG    | backend.router:route:155 - Handler handle_recorrente failed for full block: 'NoneType' object has no attribute 'set_context'
2026-03-21 22:47:49.810 | DEBUG    | backend.router:route:155 - Handler handle_recorrente failed for full block: 'NoneType' object has no attribute 'set_context'
2026-03-21 22:47:49.812 | DEBUG    | backend.router:route:155 - Handler handle_recorrente failed for full block: 'NoneType' object has no attribute 'set_context'
2026-03-21 22:47:49.815 | DEBUG    | backend.router:route:155 - Handler handle_recorrente failed for full block: 'NoneType' object has no attribute 'set_context'
2026-03-21 22:47:49.823 | DEBUG    | backend.router:route:155 - Handler handle_recorrente failed for full block: 'NoneType' object has no attribute 'set_context'
2026-03-21 22:47:49.825 | DEBUG    | backend.router:route:155 - Handler handle_recorrente failed for full block: 'NoneType' object has no attribute 'set_context'
2026-03-21 22:47:49.829 | DEBUG    | backend.router:route:155 - Handler handle_recorrente failed for full block: 'NoneType' object has no attribute 'set_context'
2026-03-21 22:47:49.841 | DEBUG    | backend.router:route:155 - Handler handle_recorrente failed for full block: 'NoneType' object has no attribute 'set_context'
2026-03-21 22:47:49.848 | DEBUG    | backend.router:route:155 - Handler handle_recorrente failed for full block: 'NoneType' object has no attribute 'set_context'
2026-03-21 22:47:49.854 | DEBUG    | backend.router:route:155 - Handler handle_recorrente failed for full block: 'NoneType' object has no attribute 'set_context'
2026-03-21 22:47:49.888 | DEBUG    | backend.router:route:155 - Handler handle_recorrente failed for full block: 'NoneType' object has no attribute 'set_context'
2026-03-21 22:47:49.911 | DEBUG    | backend.router:route:155 - Handler handle_recorrente failed for full block: 'NoneType' object has no attribute 'set_context'
2026-03-21 22:47:49.921 | DEBUG    | backend.router:route:155 - Handler handle_recorrente failed for full block: 'NoneType' object has no attribute 'set_context'
2026-03-21 22:47:49.927 | DEBUG    | backend.router:route:155 - Handler handle_recorrente failed for full block: 'NoneType' object has no attribute 'set_context'
2026-03-21 22:47:49.928 | DEBUG    | backend.router:route:155 - Handler handle_recorrente failed for full block: 'NoneType' object has no attribute 'set_context'
2026-03-21 22:47:49.936 | DEBUG    | backend.router:route:155 - Handler handle_recorrente failed for full block: 'NoneType' object has no attribute 'set_context'
2026-03-21 22:47:49.959 | DEBUG    | backend.router:route:155 - Handler handle_recorrente failed for full block: 'NoneType' object has no attribute 'set_context'
2026-03-21 22:47:49.961 | DEBUG    | backend.router:route:155 - Handler handle_recorrente failed for full block: 'NoneType' object has no attribute 'set_context'
2026-03-21 22:47:49.970 | DEBUG    | backend.router:route:155 - Handler handle_recorrente failed for full block: 'NoneType' object has no attribute 'set_context'
2026-03-21 22:47:49.976 | DEBUG    | backend.router:route:155 - Handler handle_recorrente failed for full block: 'NoneType' object has no attribute 'set_context'
2026-03-21 22:47:49.982 | DEBUG    | backend.router:route:155 - Handler handle_recorrente failed for full block: 'NoneType' object has no attribute 'set_context'
2026-03-21 22:47:49.987 | DEBUG    | backend.router:route:155 - Handler handle_recorrente failed for full block: 'NoneType' object has no attribute 'set_context'
2026-03-21 22:47:49.996 | DEBUG    | backend.router:route:155 - Handler handle_recorrente failed for full block: 'NoneType' object has no attribute 'set_context'
2026-03-21 22:47:50.036 | DEBUG    | backend.router:route:155 - Handler handle_recorrente failed for full block: 'NoneType' object has no attribute 'set_context'
2026-03-21 22:47:50.073 | DEBUG    | backend.router:route:155 - Handler handle_recorrente failed for full block: 'NoneType' object has no attribute 'set_context'
2026-03-21 22:47:50.105 | DEBUG    | backend.router:route:155 - Handler handle_recorrente failed for full block: 'NoneType' object has no attribute 'set_context'
2026-03-21 22:47:50.124 | DEBUG    | backend.router:route:155 - Handler handle_recorrente failed for full block: 'NoneType' object has no attribute 'set_context'
2026-03-21 22:47:50.131 | DEBUG    | backend.router:route:155 - Handler handle_recorrente failed for full block: 'NoneType' object has no attribute 'set_context'
2026-03-21 22:47:50.162 | DEBUG    | backend.router:route:155 - Handler handle_recorrente failed for full block: 'NoneType' object has no attribute 'set_context'
2026-03-21 22:47:50.164 | DEBUG    | backend.router:route:155 - Handler handle_recorrente failed for full block: 'NoneType' object has no attribute 'set_context'
2026-03-21 22:47:50.171 | DEBUG    | backend.router:route:155 - Handler handle_recorrente failed for full block: 'NoneType' object has no attribute 'set_context'
2026-03-21 22:47:50.194 | DEBUG    | backend.router:route:155 - Handler handle_recorrente failed for full block: 'NoneType' object has no attribute 'set_context'
2026-03-21 22:47:50.200 | DEBUG    | backend.router:route:155 - Handler handle_recorrente failed for full block: 'NoneType' object has no attribute 'set_context'
tests/test_extreme_stress.py::test_stress_massive_concurrent_users PASSED
tests/test_extreme_stress.py::test_stress_wall_of_text_complex_commands PASSED
tests/test_extreme_stress.py::test_stress_edge_cases_i18n_limits PASSED
2026-03-21 22:47:50.309 | WARNING  | backend.handlers.lists:handle_list:65 - handle_list: list_tool is None, chat_id=%s
2026-03-21 22:47:50.310 | WARNING  | backend.handlers.lists:handle_list:65 - handle_list: list_tool is None, chat_id=%s
2026-03-21 22:47:50.312 | WARNING  | backend.handlers.lists:handle_list:65 - handle_list: list_tool is None, chat_id=%s
2026-03-21 22:47:50.315 | WARNING  | backend.handlers.lists:handle_list:65 - handle_list: list_tool is None, chat_id=%s
2026-03-21 22:47:50.316 | WARNING  | backend.handlers.lists:handle_list:65 - handle_list: list_tool is None, chat_id=%s
2026-03-21 22:47:50.319 | WARNING  | backend.handlers.lists:handle_list:65 - handle_list: list_tool is None, chat_id=%s
tests/test_extreme_stress.py::test_stress_full_conversation_simulation PASSED
tests/test_hallucination_regression.py::test_metadata_priority_prevents_hallucination FAILED
tests/test_hallucination_regression.py::test_new_reminder_not_treated_as_flow_answer PASSED
2026-03-21 22:47:50.847 | DEBUG    | backend.handlers.lists:handle_list:67 - handle_list: type=%s list_name=%s
2026-03-21 22:47:50.848 | DEBUG    | backend.handlers.lists:handle_list:67 - handle_list: type=%s list_name=%s
2026-03-21 22:47:50.848 | DEBUG    | backend.handlers.lists:handle_list:67 - handle_list: type=%s list_name=%s
2026-03-21 22:47:50.848 | DEBUG    | backend.handlers.lists:handle_list:67 - handle_list: type=%s list_name=%s
2026-03-21 22:47:50.849 | DEBUG    | backend.handlers.lists:handle_list:67 - handle_list: type=%s list_name=%s
2026-03-21 22:47:50.849 | DEBUG    | backend.handlers.lists:handle_list:67 - handle_list: type=%s list_name=%s
2026-03-21 22:47:50.849 | DEBUG    | backend.handlers.lists:handle_list:67 - handle_list: type=%s list_name=%s
2026-03-21 22:47:50.850 | DEBUG    | backend.handlers.lists:handle_list:67 - handle_list: type=%s list_name=%s
2026-03-21 22:47:50.850 | DEBUG    | backend.handlers.lists:handle_list:67 - handle_list: type=%s list_name=%s
2026-03-21 22:47:50.850 | DEBUG    | backend.handlers.lists:handle_list:67 - handle_list: type=%s list_name=%s
2026-03-21 22:47:50.850 | DEBUG    | backend.handlers.lists:handle_list:67 - handle_list: type=%s list_name=%s
2026-03-21 22:47:50.850 | DEBUG    | backend.handlers.lists:handle_list:67 - handle_list: type=%s list_name=%s
2026-03-21 22:47:50.851 | DEBUG    | backend.handlers.lists:handle_list:67 - handle_list: type=%s list_name=%s
2026-03-21 22:47:50.851 | DEBUG    | backend.handlers.lists:handle_list:67 - handle_list: type=%s list_name=%s
2026-03-21 22:47:50.851 | DEBUG    | backend.handlers.lists:handle_list:67 - handle_list: type=%s list_name=%s
2026-03-21 22:47:50.851 | DEBUG    | backend.handlers.lists:handle_list:67 - handle_list: type=%s list_name=%s
2026-03-21 22:47:50.851 | DEBUG    | backend.handlers.lists:handle_list:67 - handle_list: type=%s list_name=%s
2026-03-21 22:47:50.851 | DEBUG    | backend.handlers.lists:handle_list:67 - handle_list: type=%s list_name=%s
2026-03-21 22:47:50.851 | DEBUG    | backend.handlers.lists:handle_list:67 - handle_list: type=%s list_name=%s
2026-03-21 22:47:50.851 | DEBUG    | backend.handlers.lists:handle_list:67 - handle_list: type=%s list_name=%s
tests/test_human_roteiros_simulation.py::test_roteiro1_brasil_volume_listas 
        === M├ëTRICAS DE CARGA ===
        Dura├º├úo: 6.21s
        Total requests: 1000
        Sucesso: 1000 (100.0%)
        Falhas: 0 (0.0%)
        Throughput: 161.0 req/s
        Lat├¬ncia p50: 0.0ms
        Lat├¬ncia p95: 0.1ms
        Lat├¬ncia p99: 0.1ms
        

        === M├ëTRICAS DE CARGA ===
        Dura├º├úo: 30.44s
        Total requests: 10104
        Sucesso: 10104 (100.0%)
        Falhas: 0 (0.0%)
        Throughput: 331.9 req/s
        Lat├¬ncia p50: 0.0ms
        Lat├¬ncia p95: 0.1ms
        Lat├¬ncia p99: 0.1ms
        

        === M├ëTRICAS DE CARGA ===
        Dura├º├úo: 0.04s
        Total requests: 1000
        Sucesso: 1000 (100.0%)
        Falhas: 0 (0.0%)
        Throughput: 22421.2 req/s
        Lat├¬ncia p50: 0.0ms
        Lat├¬ncia p95: 0.0ms
        Lat├¬ncia p99: 0.0ms
        

=== DATABASE CONTENTION TEST ===
Total esperado: 100
Escritas bem-sucedidas: 100
Erros: 0

=== MEMORY PRESSURE TEST ===
  50 itens: parsed=True, latency=0.1ms, items_found=50
  100 itens: parsed=True, latency=0.1ms, items_found=100
  200 itens: parsed=True, latency=0.2ms, items_found=200
  500 itens: parsed=True, latency=0.4ms, items_found=500

=== RECOVERY TEST ===
Fase 1: Carga intensa (500 msgs em 1s)...
Fase 2: Pausa de 2 segundos...
Fase 3: Verificando recupera├º├úo...
  Lat├¬ncia m├⌐dia p├│s-carga: 0.02ms
  Taxa de sucesso p├│s-carga: 100.0%

=== RACE CONDITION TEST (Parser) ===
Mensagens enviadas: 100
Parseadas com sucesso: 100
Retornaram None: 0
Erros de exce├º├úo: 0

============================================================
  RELAT├ôRIO COMPLETO DE STRESS TEST
============================================================

[1/4] Spike Test (100 users em 3s)...
  Throughput: 120.1 req/s | p95: 0.1ms | Erros: 0.0%

[2/4] Sustained Load (50 users por 10s)...
  Throughput: 159.9 req/s | p95: 0.1ms | Erros: 0.0%

[3/4] Burst Test (500 msgs em 1s)...
  Throughput: 21410.0 req/s | p95: 0.0ms | Erros: 0.0%

[4/4] Recovery Test...
  Lat├¬ncia m├⌐dia p├│s-carga: 0.02ms

============================================================
  RESUMO
============================================================

    Spike (100 users):     120 req/s, p95=0ms
    Sustained (50 users):  160 req/s, p95=0ms
    Burst (500 msgs):      21410 req/s, p95=0ms
    Recovery:              0.0ms lat├¬ncia m├⌐dia
    
    STATUS: APROVADO
    

[STRESS 1] Iniciando 50 usu├írios x 10 comandos = 500 opera├º├╡es...

[STRESS 1] RESULTADOS:
  Total opera├º├╡es: 500
  Sucessos: 500
  Falhas: 0
  Tempo total: 1.05s
  Ops/segundo: 476.3
  Tempo m├⌐dio/op: 1.9ms
  Tempo min/max: 0.7ms / 5.8ms

[STRESS 2] Testando 7 cen├írios de wall-of-text...

[STRESS 2] Testando limites de tamanho...

[STRESS 2] RESULTADOS:
  Total testes: 9
  Passou: 9
  Falhou: 0

  [OK] 5 itens lista separados por v├¡rgula
    Input: adiciona leite, ovos, p├úo, queijo e manteiga na lista
    -> Tipo correto: list_add

  [OK] 10 itens lista longa
    Input: coloca na lista: arroz, feij├úo, macarr├úo, molho de tomate, carne mo├¡da, frango, ...
    -> Tipo correto: list_add

  [OK] Mistura de lista com contexto
    Input: hoje tenho muita coisa para fazer, ir ao banco, pagar contas, comprar presente p...
    -> Tipo correto: list_add

  [OK] Comando com caracteres especiais
    Input: /list mercado add caf├⌐, p├úo, queijo e vinho
    -> Tipo correto: list_add

  [OK] Comando com acentos e cedilha
    Input: adiciona ├á lista: ma├º├ú, p├¬ssego, cora├º├úo de frango, a├º├║car e p├úo franc├¬s
    -> Tipo correto: list_add

  [OK] Filme com t├¡tulo longo
    Input: /filme The Lord of the Rings: The Fellowship of the Ring - Extended Edition
    -> Tipo correto: list_add

  [OK] Livro com autor
    Input: /livro O Senhor dos An├⌐is - A Sociedade do Anel de J.R.R. Tolkien
    -> Tipo correto: list_add

  [OK] Mensagem 2000+ chars
    Input: 1906 chars -> 1906 ap├│s sanitiza├º├úo
    -> Original: 1906, Sanitizado: 1906, Limite: 2000

  [OK] 50 itens na mensagem
    Input: 414 chars, 50 itens
    -> Parser retornou: list_add

[STRESS 3.1] Testando categoriza├º├úo autom├ítica...

[STRESS 3.2] Testando i18n (4 idiomas)...

[STRESS 3.3] Testando edge cases de parsing...

[STRESS 3.4] Testando seguran├ºa...

[STRESS 3.5] Testando deduplica├º├úo...

[STRESS 3] RESULTADOS FINAIS:

  [OK] CATEGORIES: 12/12

  [OK] I18N: 21/21

  [OK] EDGE_CASES: 13/13

  [OK] SECURITY: 11/11

  [OK] DEDUP: 5/5

  TOTAL: 62 passou, 0 falhou

[CONVERSA] Simulando conversa de usu├írio conversation_sim_89766...
  -> /start: [OK] (283 chars)
  -> /help: [OK] (1179 chars)
  -> /list mercado add leite: [OK] (0 chars)
  -> /list mercado add ovos: [OK] (0 chars)
  -> /list mercado add p├úo: [OK] (0 chars)
  -> /list mercado: [OK] (0 chars)
  -> /filme Inception: [OK] (0 chars)
  -> /livro O Alquimista: [OK] (0 chars)
  -> /hoje: [OK] (97 chars)
  -> /hora: [OK] (24 chars)

[CONVERSA] Resultado: 10/10 comandos processados com sucesso
DEBUG Test Setup: session.messages length = 4
[PASS] Bug 2: New reminder request correctly bypasses pending confirmation flow

======================================================================
  ROTEIRO 1 - BRASIL [BR]: Volume de Listas e Itens em Rajada
======================================================================

============================================================
  Fase 1: Aquecimento
============================================================
  [OK] [   3.5ms] /start
      -> ? Ol?! Sou o Zappelin: lembretes, listas e eventos.

? Coman...
  [FAIL] [   7.6ms] meu nome ? TestadorBR1
  [FAIL] [   4.4ms] moro em S?o Paulo

  Resumo: 1 OK, 2 falhas, 15ms total

============================================================
  Fase 2: Rajada de Itens (50+ itens)
============================================================
  [OK] [   0.9ms] adiciona na lista: arroz, feij?o, macarr?o, ?leo, ...
      -> [MOCK] Sucesso na lista
[MOCK] Sucesso na lista
[MOCK] Suces...
  [OK] [   0.5ms] coloca na lista: leite, ovos, queijo, presunto, ma...
      -> [MOCK] Sucesso na lista
[MOCK] Sucesso na lista
[MOCK] Suces...
  [OK] [   0.3ms] p?e na lista: tomate, cebola, alho, batata, cenour...
      -> [MOCK] Sucesso na lista
[MOCK] Sucesso na lista
[MOCK] Suces...
  [OK] [   0.3ms] adiciona na lista: frango, carne mo?da, lingui?a, ...
      -> [MOCK] Sucesso na lista
[MOCK] Sucesso na lista
[MOCK] Suces...
  [OK] [   0.3ms] coloca na lista: caf?, ch?, suco, refrigerante, ?g...
      -> [MOCK] Sucesso na lista
[MOCK] Sucesso na lista
[MOCK] Suces...
  [OK] [   0.3ms] adiciona na lista: sab?o em p?, detergente, amacia...
      -> [MOCK] Sucesso na lista
[MOCK] Sucesso na lista
[MOCK] Suces...
  [OK] [   0.3ms] p?e na lista: shampoo, condicionador, sabonete, pa...
      -> [MOCK] Sucesso na lista
[MOCK] Sucesso na lista
[MOCK] Suces...
  [OK] [   0.3ms] coloca na lista: papel higi?nico, guardanapo, pape...
      -> [MOCK] Sucesso na lista
[MOCK] Sucesso na lista
[MOCK] Suces...
  [OK] [   0.3ms] adiciona na lista: biscoito, chocolate, sorvete, b...
      -> [MOCK] Sucesso na lista
[MOCK] Sucesso na lista
[MOCK] Suces...
  [OK] [   0.3ms] coloca na lista: p?o de forma, p?o franc?s, torrad...
      -> [MOCK] Sucesso na lista
[MOCK] Sucesso na lista
[MOCK] Suces...

  Resumo: 10 OK, 0 falhas, 4ms total

============================================================
  Fase 3: Opera├º├╡es na Lista
============================================================
  [OK] [   0.1ms] /list mercado
      -> [MOCK] Sucesso na lista
  [OK] [   0.1ms] feito arroz
      -> [MOCK] Sucesso na lista
  [OK] [   0.1ms] feito leite
      -> [MOCK] Sucesso na lista
  [OK] [   0.1ms] remove sab?o em p?
      -> [MOCK] Sucesso na lista
  [OK] [   0.2ms] /list mercado
      -> [MOCK] Sucesso na lista

  Resumo: 5 OK, 0 falhas, 1ms total

============================================================
  Fase 4: M├║ltiplas Listas
PASSED
2026-03-21 22:47:51.055 | DEBUG    | backend.handlers.lists:handle_list:67 - handle_list: type=%s list_name=%s
tests/test_human_roteiros_simulation.py::test_roteiro2_brasil_linguagem_natural FAILED
tests/test_human_roteiros_simulation.py::test_roteiro3_brasil_lembretes ============================================================
  [OK] [   0.3ms] /list filmes add Matrix, Interestelar, Inception, ...
      -> [MOCK] Sucesso na lista
  [OK] [   0.2ms] /list livros add O Alquimista, 1984, Dom Casmurro,...
      -> [MOCK] Sucesso na lista
  [OK] [   0.2ms] /list m?sicas add Bohemian Rhapsody, Imagine, Hote...
      -> [MOCK] Sucesso na lista
  [OK] [   0.2ms] /list s?ries add Breaking Bad, Game of Thrones, St...
      -> [MOCK] Sucesso na lista
  [OK] [   0.2ms] /list jogos add FIFA 24, GTA VI, Zelda, Mario Kart...
      -> [MOCK] Sucesso na lista

  Resumo: 5 OK, 0 falhas, 1ms total

============================================================
  Fase 5: Ver Todas as Listas
============================================================
  [OK] [   0.1ms] /list
      -> [MOCK] Sucesso na lista
  [OK] [   0.1ms] /list filmes
      -> [MOCK] Sucesso na lista
  [OK] [   0.1ms] /list livros
      -> [MOCK] Sucesso na lista
  [FAIL] [   4.1ms] minhas listas

  Resumo: 3 OK, 1 falhas, 5ms total

============================================================
  Fase 6: Lembretes
============================================================
  [OK] [   7.1ms] me lembra de ligar pro m?dico em 10 minutos
      -> [MOCK] Sucesso no cron/lembrete

? To have reminders at your...
  [OK] [  85.3ms] lembra de pagar a conta de luz amanh? ?s 9h
      -> Added to your agenda. Do you want me to remind you at the ti...
  [FAIL] [   5.2ms] me avisa pra tomar rem?dio daqui 2 horas
  [OK] [   3.2ms] lembrete: reuni?o sexta ?s 14h
      -> Added to your agenda. Do you want me to remind you at the ti...

  Resumo: 3 OK, 1 falhas, 101ms total

============================================================
  Fase 7: Consultas
============================================================
  [OK] [   6.5ms] /hoje
      -> ? **Today**

? **Reminders**
? No reminders scheduled for to...
  [OK] [   3.9ms] /semana
      -> ? **Agenda ? this week** (until 27/03)
? 2026-03-22 ? lembra...
  [OK] [   1.6ms] minha agenda
      -> ? **Agenda ? today**
? No events today.


Have you already d...

  Resumo: 3 OK, 0 falhas, 12ms total

======================================================================
  ROTEIRO 1 COMPLETO: 30 OK, 4 falhas
======================================================================

======================================================================
  ROTEIRO 2 - BRASIL [BR]: Linguagem Natural
======================================================================

============================================================
  Fase 1: Setup
============================================================
  [OK] [   5.6ms] /start
      -> ? Ol?! Sou o Zappelin: lembretes, listas e eventos.

? Coman...
  [FAIL] [   4.1ms] Meu nome ? TestadorBR2
  [FAIL] [   3.9ms] Eu moro no Rio de Janeiro

  Resumo: 1 OK, 2 falhas, 14ms total

============================================================
  Fase 2: Comandos Naturais
============================================================
  [FAIL] [   4.3ms] Preciso comprar arroz, feij?o, macarr?o e ?leo
  [FAIL] [   3.9ms] Adiciona na lista leite, ovos e queijo
  [FAIL] [   5.9ms] Coloca frango e carne mo?da na lista de compras
  [OK] [   3.0ms] Me lembra de ligar pro dentista amanh? ?s dez da m...
      -> What time is your appointment?
  [FAIL] [   6.0ms] Tenho consulta m?dica na sexta-feira ?s tr?s da ta...
  [OK] [   5.4ms] Preciso pagar a conta de internet at? dia quinze
      -> What's the best time? E.g. in 10 min, tomorrow 8am, daily 10...

  Resumo: 2 OK, 4 falhas, 28ms total

============================================================
  Fase 3: Mensagem Longa
============================================================
  [OK] [   3.9ms] Olha, essa semana t? bem corrida. Segunda eu tenho...
      -> [MOCK] Sucesso no cron/lembrete

? To have reminders at your...

  Resumo: 1 OK, 0 falhas, 4ms total

============================================================
  Fase 4: Comandos R├ípidos
============================================================
  [FAIL] [   3.8ms] Comprar p?o
  [FAIL] [   4.2ms] Levar o cachorro no veterin?rio
  [FAIL] [   5.0ms] Ligar pra v?
  [FAIL] [   4.4ms] Estudar ingl?s
  [FAIL] [   5.2ms] Fazer exerc?cio

  Resumo: 0 OK, 5 falhas, 23ms total

============================================================
  Fase 5: Consultas
============================================================
  [OK] [   4.8ms] /semana
      -> ? **Agenda ? this week** (until 27/03)
? No events this week...
  [OK] [   1.5ms] /agenda
      -> ? **Agenda ? today**
? No events today.
  [OK] [   0.9ms] /list
      -> [MOCK] Sucesso na lista
  [FAIL] [   5.6ms] O que tenho na minha lista de compras?

  Resumo: 3 OK, 1 falhas, 13ms total

======================================================================
  ROTEIRO 2 COMPLETO: 7 OK, 12 falhas
======================================================================

======================================================================
  ROTEIRO 3 - BRASIL [BR]: Lembretes Recorrentes e Agenda
======================================================================

============================================================
  Fase 1: Setup
============================================================
  [OK] [   3.7ms] /start
      -> ? Ol?! Sou o Zappelin: lembretes, listas e eventos.

? Coman...
  [FAIL] [   3.8ms] meu nome ? TestadorBR3
  [FAIL] [   4.2ms] moro em Belo Horizonte
  [OK] [   3.8ms] /tz America/Sao_Paulo
      -> ? City "tz" not recognised. Try: /tz London, /tz New York or...

  Resumo: 2 OK, 2 falhas, 16ms total

============================================================
  Fase 2: Lembretes Simples
============================================================
  [OK] [   5.8ms] me lembra de beber ?gua em 5 minutos
      -> [MOCK] Sucesso no cron/lembrete

? To have reminders at your...
  [OK] [   5.3ms] lembrete: tomar vitamina em 10 minutos
      -> [MOCK] Sucesso no cron/lembrete

? To have reminders at your...
  [OK] [   4.5ms] me avisa pra fazer alongamento em 15 minutos
      -> [MOCK] Sucesso no cron/lembrete

? To have reminders at your...
  [OK] [   4.7ms] lembra de olhar emails em 20 minutos
      -> [MOCK] Sucesso no cron/lembrete

? To have reminders at your...

  Resumo: 4 OK, 0 falhas, 20ms total

============================================================
  Fase 3: Lembretes com Data/Hora
============================================================
  [OK] [   4.4ms] me lembra de pagar aluguel dia 5 ?s 9h
      -> [MOCK] Sucesso no cron/lembrete

? To have reminders at your...
  [OK] [   6.4ms] lembrete: renovar carteira de motorista dia 15 ?s ...
      -> [MOCK] Sucesso no cron/lembrete

? To have reminders at your...
  [FAIL] [   5.8ms] consulta com dermatologista dia 20 ?s 14h30
  [FAIL] [   4.2ms] reuni?o de condom?nio dia 25 ?s 19h

  Resumo: 2 OK, 2 falhas, 21ms total

============================================================
  Fase 4: Lembretes Recorrentes
============================================================
  [OK] [   5.7ms] me lembra de tomar rem?dio todo dia ?s 8h
      -> [MOCK] Sucesso no cron/lembrete

? To have reminders at your...
  [FAIL] [   5.6ms] lembrete di?rio: beber 2 litros de ?gua
  [OK] [   2.6ms] toda segunda ?s 7h: academia
      -> It looks like : academia is a recurring event! Shall I regis...
  [OK] [   2.7ms] toda sexta ?s 18h: happy hour
      -> It looks like : happy hour is a recurring event! Shall I reg...

  Resumo: 3 OK, 1 falhas, 17ms total

============================================================
  Fase 5: Verificar Agenda
============================================================
  [OK] [   7.8ms] /hoje
      -> ? **Today**

? **Reminders**
? No reminders scheduled for to...
  [OK] [   4.7ms] /semana
      -> ? **Agenda ? this week** (until 27/03)
? No events this week...
  [OK] [   1.7ms] minha agenda
PASSED
2026-03-21 22:47:51.222 | DEBUG    | backend.handlers.lists:handle_list:67 - handle_list: type=%s list_name=%s
2026-03-21 22:47:51.223 | DEBUG    | backend.handlers.lists:handle_list:67 - handle_list: type=%s list_name=%s
2026-03-21 22:47:51.224 | DEBUG    | backend.handlers.lists:handle_list:67 - handle_list: type=%s list_name=%s
2026-03-21 22:47:51.261 | DEBUG    | backend.handlers.lists:handle_list:67 - handle_list: type=%s list_name=%s
2026-03-21 22:47:51.265 | DEBUG    | backend.handlers.lists:handle_list:67 - handle_list: type=%s list_name=%s
2026-03-21 22:47:51.285 | DEBUG    | backend.handlers.lists:handle_list:67 - handle_list: type=%s list_name=%s
2026-03-21 22:47:51.291 | DEBUG    | backend.handlers.lists:handle_list:67 - handle_list: type=%s list_name=%s
2026-03-21 22:47:51.292 | DEBUG    | backend.handlers.lists:handle_list:67 - handle_list: type=%s list_name=%s
tests/test_human_roteiros_simulation.py::test_roteiro4_portugal_pt_europeu PASSED
2026-03-21 22:47:51.371 | DEBUG    | backend.handlers.lists:handle_list:67 - handle_list: type=%s list_name=%s
2026-03-21 22:47:51.382 | DEBUG    | backend.handlers.lists:handle_list:67 - handle_list: type=%s list_name=%s
2026-03-21 22:47:51.382 | DEBUG    | backend.handlers.lists:handle_list:67 - handle_list: type=%s list_name=%s
2026-03-21 22:47:51.383 | DEBUG    | backend.handlers.lists:handle_list:67 - handle_list: type=%s list_name=%s
2026-03-21 22:47:51.383 | DEBUG    | backend.handlers.lists:handle_list:67 - handle_list: type=%s list_name=%s
2026-03-21 22:47:51.384 | DEBUG    | backend.handlers.lists:handle_list:67 - handle_list: type=%s list_name=%s
2026-03-21 22:47:51.384 | DEBUG    | backend.handlers.lists:handle_list:67 - handle_list: type=%s list_name=%s
2026-03-21 22:47:51.384 | DEBUG    | backend.handlers.lists:handle_list:67 - handle_list: type=%s list_name=%s
2026-03-21 22:47:51.384 | DEBUG    | backend.handlers.lists:handle_list:67 - handle_list: type=%s list_name=%s
2026-03-21 22:47:51.385 | DEBUG    | backend.handlers.lists:handle_list:67 - handle_list: type=%s list_name=%s
2026-03-21 22:47:51.409 | DEBUG    | backend.handlers.lists:handle_list:67 - handle_list: type=%s list_name=%s
2026-03-21 22:47:51.410 | DEBUG    | backend.handlers.lists:handle_list:67 - handle_list: type=%s list_name=%s
2026-03-21 22:47:51.414 | DEBUG    | backend.handlers.lists:handle_list:67 - handle_list: type=%s list_name=%s
2026-03-21 22:47:51.414 | DEBUG    | backend.handlers.lists:handle_list:67 - handle_list: type=%s list_name=%s
tests/test_human_roteiros_simulation.py::test_roteiro5_portugal_stress_extremo       -> ? **Agenda ? today**
? No events today.


Have you already d...
  [OK] [   1.8ms] o que tenho amanh??
      -> ? **Tomorrow**

? **Reminders**
? No reminders scheduled for...
  [FAIL] [   5.6ms] lembretes pendentes
  [OK] [   4.1ms] /recorrente
      -> [MOCK] Sucesso no cron/lembrete

  Resumo: 5 OK, 1 falhas, 26ms total

============================================================
  Fase 6: Eventos Complexos
============================================================
  [FAIL] [   6.1ms] viagem pra praia de 20 a 25 de abril
  [FAIL] [   5.8ms] curso de ingl?s ?s ter?as e quintas ?s 19h

  Resumo: 0 OK, 2 falhas, 12ms total

======================================================================
  ROTEIRO 3 COMPLETO: 16 OK, 8 falhas
======================================================================

======================================================================
  ROTEIRO 4 - PORTUGAL [PT]: Portugu├¬s Europeu
======================================================================

============================================================
  Fase 1: Onboarding PT-PT
============================================================
  [OK] [   4.8ms] /start
      -> ? Ol?! Sou o Zappelin: lembretes, listas e eventos.

? Coman...
  [FAIL] [   4.3ms] chamo-me TestadorPT4
  [FAIL] [   4.3ms] moro em Lisboa
  [OK] [   3.4ms] /tz Europe/Lisbon
      -> ? City "tz" not recognised. Try: /tz London, /tz New York or...
  [OK] [   4.2ms] /lang pt-PT
      -> ? Idioma definido: pt-PT.

  Resumo: 3 OK, 2 falhas, 21ms total

============================================================
  Fase 2: Comandos PT-PT
============================================================
  [OK] [   1.4ms] p?e na lista: arroz, massa, azeite, sal, a??car
      -> [MOCK] Sucesso na lista
[MOCK] Sucesso na lista
[MOCK] Suces...
  [OK] [   0.5ms] adiciona ? lista: leite, ovos, queijo, fiambre, ma...
      -> [MOCK] Sucesso na lista
[MOCK] Sucesso na lista
[MOCK] Suces...
  [OK] [   0.5ms] coloca na lista: tomate, cebola, alho, batata, cen...
      -> [MOCK] Sucesso na lista
[MOCK] Sucesso na lista
[MOCK] Suces...
  [FAIL] [   4.8ms] mete na lista: frango, carne picada, chouri?o, bac...
  [FAIL] [   4.7ms] adiciona: caf?, sumo, ?gua, cerveja, vinho

  Resumo: 3 OK, 2 falhas, 12ms total

============================================================
  Fase 3: Lembretes PT-PT
============================================================
  [OK] [   5.1ms] lembra-me de telefonar ao m?dico amanh? ?s 9h
      -> Registado na agenda. Queres que eu te lembre na hora (ou com...
  [OK] [   3.5ms] avisa-me para tomar o comprimido daqui a 2 horas
      -> [MOCK] Sucesso no cron/lembrete

[MOCK] Sucesso no cron/lemb...
  [FAIL] [   6.1ms] tenho consulta na segunda-feira ?s 14h30
  [OK] [   3.8ms] reuni?o de trabalho na quarta ?s 10h
      -> Registado na agenda. Queres que eu te lembre na hora (ou com...
  [OK] [   6.4ms] lembra-me de ir ao multibanco na sexta
      -> Para quando agendar? Ex: daqui 10 min, amanh? 8h, diariament...

  Resumo: 4 OK, 1 falhas, 25ms total

============================================================
  Fase 4: Express├╡es PT-PT
============================================================
  [OK] [   2.1ms] preciso de comprar past?is de nata
      -> Para quando agendar? Ex: daqui 10 min, amanh? 8h, diariament...
  [OK] [   0.6ms] adiciona bifanas ? lista
      -> [MOCK] Sucesso na lista
  [OK] [   4.2ms] mete uma francesinha na lista de comidas
      -> Qual o melhor hor?rio? Ex: em 10 min, amanh? 8h, todo dia ?s...

  Resumo: 3 OK, 0 falhas, 7ms total

============================================================
  Fase 5: Consultas PT-PT
============================================================
  [OK] [   0.4ms] mostra-me a lista
      -> [MOCK] Sucesso na lista
  [OK] [   2.6ms] o que tenho para fazer?
      -> N?o consegui registrar o lembrete por falta de informa??o. P...
  [FAIL] [   5.7ms] qual ? a minha agenda?
  [OK] [   6.3ms] /hoje
      -> ? **Hoje**

? **Lembretes**
? Nenhum lembrete agendado para ...
  [OK] [   4.5ms] /semana
      -> ? **Agenda ? esta semana** (at? 27/03)
? 22/03 ? lembra-me d...

  Resumo: 4 OK, 1 falhas, 20ms total

============================================================
  Fase 6: Mistura PT-BR e PT-PT
============================================================
  [OK] [   0.4ms] adiciona na lista: guaran?, a?a?, tapioca
      -> [MOCK] Sucesso na lista
[MOCK] Sucesso na lista
[MOCK] Suces...
  [FAIL] [   5.4ms] me lembra de ver o jogo
  [OK] [   0.6ms] lembra-me de comprar past?is
      -> [MOCK] Sucesso na lista
  [OK] [   0.3ms] p?e bacalhau na lista
      -> [MOCK] Sucesso na lista

  Resumo: 3 OK, 1 falhas, 7ms total

======================================================================
  ROTEIRO 4 COMPLETO: 20 OK, 7 falhas
======================================================================

======================================================================
  ROTEIRO 5 - PORTUGAL [PT]: Stress Extremo
======================================================================

============================================================
  Fase 1: Setup R├ípido
============================================================
  [OK] [   3.2ms] /start
      -> ? Ol?! Sou o Zappelin: lembretes, listas e eventos.

? Coman...
  [FAIL] [   3.6ms] sou o TestadorPT5
  [FAIL] [   3.9ms] Lisboa

  Resumo: 1 OK, 2 falhas, 11ms total

============================================================
  Fase 2: Rajada 20 Itens
============================================================
  [OK] [   4.4ms] arroz
      -> [MOCK] Sucesso na lista
  [OK] [   3.0ms] feij?o
      -> [MOCK] Sucesso na lista
  [OK] [   2.9ms] massa
      -> [MOCK] Sucesso na lista
  [OK] [   3.1ms] azeite
      -> [MOCK] Sucesso na lista
  [OK] [   3.2ms] sal
      -> [MOCK] Sucesso na lista
  [OK] [   3.5ms] a??car
      -> [MOCK] Sucesso na lista
  [OK] [   3.0ms] leite
      -> [MOCK] Sucesso na lista
  [OK] [   3.0ms] ovos
      -> [MOCK] Sucesso na lista
  [OK] [   2.6ms] queijo
      -> [MOCK] Sucesso na lista
  [OK] [   3.3ms] manteiga
      -> [MOCK] Sucesso na lista
  [OK] [   3.3ms] tomate
      -> [MOCK] Sucesso na lista
  [OK] [   2.7ms] cebola
      -> [MOCK] Sucesso na lista
  [OK] [   2.6ms] alho
      -> [MOCK] Sucesso na lista
  [OK] [   2.9ms] batata
      -> [MOCK] Sucesso na lista
  [OK] [   2.9ms] frango
      -> [MOCK] Sucesso na lista
  [OK] [   3.4ms] carne
      -> [MOCK] Sucesso na lista
  [OK] [   3.0ms] peixe
      -> [MOCK] Sucesso na lista
  [OK] [   2.8ms] p?o
      -> [MOCK] Sucesso na lista
  [OK] [   2.6ms] caf?
      -> [MOCK] Sucesso na lista
  [OK] [   2.7ms] ?gua
      -> [MOCK] Sucesso na lista

  Resumo: 20 OK, 0 falhas, 61ms total

============================================================
  Fase 3: Verificar Lista
============================================================
  [OK] [   0.2ms] /list mercado
      -> [MOCK] Sucesso na lista

  Resumo: 1 OK, 0 falhas, 0ms total

============================================================
  Fase 4: Comandos Conflitantes
============================================================
  [OK] [   4.7ms] adiciona leite
      -> [MOCK] Sucesso na lista
  [OK] [   0.1ms] remove leite
      -> [MOCK] Sucesso na lista
  [OK] [   3.2ms] adiciona leite
      -> [MOCK] Sucesso na lista
  [OK] [   0.2ms] feito leite
      -> [MOCK] Sucesso na lista
  [OK] [   3.0ms] adiciona leite
      -> [MOCK] Sucesso na lista

  Resumo: 5 OK, 0 falhas, 11ms total

============================================================
  Fase 5: M├║ltiplas Listas
============================================================
  [OK] [   0.3ms] /list filmes add Matrix
      -> [MOCK] Sucesso na lista
  [OK] [   0.2ms] /list livros add 1984
      -> [MOCK] Sucesso na lista
  [OK] [   0.3ms] /list m?sicas add Imagine
      -> [MOCK] Sucesso na lista
PASSED
2026-03-21 22:47:51.441 | DEBUG    | backend.handlers.lists:handle_list:67 - handle_list: type=%s list_name=%s
2026-03-21 22:47:51.515 | DEBUG    | backend.handlers.lists:handle_list:67 - handle_list: type=%s list_name=%s
tests/test_human_roteiros_simulation.py::test_roteiro6_portugal_uso_real PASSED
tests/test_human_roteiros_simulation.py::test_relatorio_final_todos_roteiros PASSED
tests/test_ics_handler.py::test_handle_ics_payload_empty PASSED
2026-03-21 22:47:51.600 | WARNING  | backend.ics_handler:handle_ics_payload:213 - ics parse failed (attempt 1): Content line could not be parsed into parts: 'not ics content': not ics content. Preview: 'not ics content'
tests/test_ics_handler.py::test_handle_ics_payload_invalid PASSED
tests/test_ics_handler.py::test_handle_ics_payload_valid_no_db PASSED
2026-03-21 22:47:51.806 | INFO     | backend.ics_handler:handle_ics_payload:360 - ics_handler: saved event 'Reuniπo X' to database (id=1)
2026-03-21 22:47:51.816 | INFO     | backend.ics_handler:handle_ics_payload:360 - ics_handler: saved event 'Almoτo' to database (id=2)
2026-03-21 22:47:51.816 | INFO     | backend.ics_handler:handle_ics_payload:388 - ics_handler: processed 2 event(s) total
tests/test_ics_handler.py::test_handle_ics_payload_valid_with_db PASSED
2026-03-21 22:47:52.038 | INFO     | backend.ics_handler:handle_ics_payload:360 - ics_handler: saved event 'Consulta medico' to database (id=1)
2026-03-21 22:47:52.038 | INFO     | backend.ics_handler:handle_ics_payload:388 - ics_handler: processed 1 event(s) total
tests/test_ics_handler.py::test_icalendar_parse_summary_dtstart_location PASSED
2026-03-21 22:47:52.045 | INFO     | zapista.channels.whatsapp:_handle_bridge_message:373 - WhatsApp from sender='351912345678@s.whatsapp.net' pn='' \u2192 chat_id='351912345678@s.whatsapp.net' (sender_id='351912345678')
tests/test_ics_handler.py::test_whatsapp_channel_attachment_ics_calls_handler_and_sends_response PASSED
tests/test_list_search_logic.py::test_command_parser_show_vs_add PASSED
tests/test_list_search_logic.py::test_list_name_extraction PASSED
tests/test_list_search_logic.py::test_search_intent_detection   [OK] [   0.3ms] /list s?ries add Friends
      -> [MOCK] Sucesso na lista
  [OK] [   0.3ms] /list jogos add FIFA
      -> [MOCK] Sucesso na lista
  [OK] [   0.2ms] /list filmes add Inception
      -> [MOCK] Sucesso na lista
  [OK] [   0.2ms] /list livros add O Hobbit
      -> [MOCK] Sucesso na lista
  [OK] [   0.3ms] /list m?sicas add Yesterday
      -> [MOCK] Sucesso na lista

  Resumo: 8 OK, 0 falhas, 2ms total

============================================================
  Fase 6: Consultas Simult├óneas
============================================================
  [OK] [   0.2ms] /list
      -> [MOCK] Sucesso na lista
  [OK] [   9.3ms] /hoje
      -> ? **Hoy**

? **Recordatorios**
? Ning?n recordatorio program...
  [OK] [   5.1ms] /semana
      -> ? **Agenda ? esta semana** (hasta 27/03)
? Ning?n evento est...
  [FAIL] [   5.4ms] minhas listas
  [OK] [   5.1ms] meus lembretes
      -> ? **Recordatorios & Agenda**
[MOCK] Sucesso no cron/lembrete...

  Resumo: 4 OK, 1 falhas, 25ms total

============================================================
  Fase 7: Emojis e Especiais
============================================================
  [OK] [   0.4ms] adiciona ? ma?? na lista
      -> [MOCK] Sucesso na lista
  [OK] [   0.3ms] p?e caf? ? na lista
      -> [MOCK] Sucesso na lista
  [OK] [   4.0ms] adiciona item com aspas e ap?strofo
      -> [MOCK] Sucesso na lista
  [OK] [   0.4ms] p?e na lista: caf?/ch?, p?o+manteiga
      -> [MOCK] Sucesso na lista
[MOCK] Sucesso na lista

  Resumo: 4 OK, 0 falhas, 5ms total

============================================================
  Fase 8: 50 Itens numa Mensagem
============================================================
  [OK] [   1.1ms] adiciona na lista: item1, item2, item3, item4, ite...
      -> [MOCK] Sucesso na lista
[MOCK] Sucesso na lista
[MOCK] Suces...

  Resumo: 1 OK, 0 falhas, 1ms total

======================================================================
  ROTEIRO 5 COMPLETO: 44 OK, 3 falhas
======================================================================

======================================================================
  ROTEIRO 6 - PORTUGAL [PT]: Simula├º├úo 1 Semana
======================================================================

============================================================
  Segunda-feira
============================================================
  [FAIL] [   4.3ms] bom dia
  [OK] [   2.0ms] o que tenho para hoje?
      -> ? **Agenda ? today**
? No events today.
  [FAIL] [   3.8ms] preciso comprar p?o, leite e ovos
  [OK] [   2.0ms] tenho reuni?o ?s 10h
      -> What day is it? Tomorrow? Today? Monday?
  [OK] [   1.5ms] me lembra de ligar pro cliente ?s 14h
      -> Do you want to be reminded in advance or just at the event t...

  Resumo: 3 OK, 2 falhas, 14ms total

============================================================
  Ter├ºa-feira
============================================================
  [OK] [   1.3ms] ol?
      -> Do you want to be reminded in advance or just at the event t...
  [OK] [   2.2ms] minha agenda
      -> ? **Agenda ? today**
? No events today.


Have you already d...
  [OK] [   0.9ms] adiciona na lista: detergente, sab?o, esponja
      -> [MOCK] Sucesso na lista
[MOCK] Sucesso na lista
[MOCK] Suces...
  [OK] [   2.8ms] consulta m?dica quinta ?s 15h
      -> [MOCK] Sucesso no cron/lembrete

[MOCK] Sucesso no cron/lemb...

  Resumo: 4 OK, 0 falhas, 7ms total

============================================================
  Quarta-feira
============================================================
  [FAIL] [   3.6ms] oi
  [OK] [   2.3ms] o que tenho amanh??
      -> ? **Tomorrow**

? **Reminders**
? No reminders scheduled for...
  [OK] [   0.2ms] feito p?o
      -> [MOCK] Sucesso na lista
  [OK] [   0.1ms] feito leite
      -> [MOCK] Sucesso na lista
  [FAIL] [   3.8ms] preciso de comprar presente pro anivers?rio do Jo?...
  [OK] [   3.2ms] anivers?rio do Jo?o s?bado ?s 20h
      -> It looks like anivers?rio do Jo?o is a recurring event! Shal...

  Resumo: 4 OK, 2 falhas, 13ms total

============================================================
  Quinta-feira
============================================================
  [FAIL] [   3.6ms] bom dia
  [OK] [   2.8ms] meus lembretes de hoje
      -> What time is it?
  [OK] [   0.2ms] feito detergente
      -> [MOCK] Sucesso na lista
  [OK] [   3.3ms] adiciona vinho tinto pra levar no s?bado
      -> [MOCK] Sucesso na lista

  Resumo: 3 OK, 1 falhas, 10ms total

============================================================
  Sexta-feira
============================================================
  [FAIL] [   4.6ms] ?ltima verifica??o antes do fim de semana
  [OK] [   6.0ms] /semana
      -> ? **Agenda ? this week** (until 27/03)
? No events this week...
  [FAIL] [   4.0ms] minhas listas
  [FAIL] [   3.7ms] o que falta comprar?
  [OK] [   2.9ms] me lembra de acordar cedo amanh? ?s 8h
      -> Added to your agenda. Do you want me to remind you at the ti...

  Resumo: 2 OK, 3 falhas, 21ms total

============================================================
  S├íbado
============================================================
  [OK] [   1.7ms] bom dia
      -> Do you want to be reminded in advance or just at the event t...
  [OK] [   1.7ms] o que tenho hoje?
      -> ? **Agenda ? today**
? No events today.


Have you already d...
  [OK] [   0.1ms] feito presente
      -> [MOCK] Sucesso na lista
  [OK] [   0.1ms] feito vinho
      -> [MOCK] Sucesso na lista

  Resumo: 4 OK, 0 falhas, 4ms total

============================================================
  Domingo
============================================================
  [OK] [   1.2ms] ol?
      -> Do you want to be reminded in advance or just at the event t...
  [OK] [   1.3ms] pr?xima semana
      -> I couldn't register the reminder due to lack of information....
  [FAIL] [   3.7ms] preciso de organizar a semana
  [OK] [   3.1ms] segunda: reuni?o 9h
      -> Added to your agenda. Do you want me to remind you at the ti...
  [OK] [   2.1ms] ter?a: dentista 10h
      -> [MOCK] Sucesso no cron/lembrete

[MOCK] Sucesso no cron/lemb...
  [FAIL] [   4.0ms] quinta: apresenta??o importante 14h

  Resumo: 4 OK, 2 falhas, 15ms total

============================================================
  Verifica├º├úo Final
============================================================
  [OK] [   5.7ms] /agenda
      -> ? **Agenda ? today**
? No events today.


Have you already d...
  [OK] [   0.6ms] /list
      -> [MOCK] Sucesso na lista

  Resumo: 2 OK, 0 falhas, 6ms total

======================================================================
  ROTEIRO 6 COMPLETO: 26 OK, 10 falhas
======================================================================

======================================================================
  RELAT├ôRIO FINAL - TODOS OS ROTEIROS
======================================================================
  [X] Parser nao reconheceu: minha agenda
  [X] Parser nao reconheceu: o que tenho para fazer?
  [X] Parser nao reconheceu: toda segunda ?s 7h: academia

  Parser: 15/18 comandos reconhecidos
  Taxa de sucesso: 83.3%
DEBUG: out=Ficheiro n├úo parece ser um calend├írio .ics v├ílido (falta VCALENDAR).

--- Testing Command Parser: Show vs Add ---
Intent for 'mostre lista de filmes de David Lynch': {'type': 'list_show', 'list_name': 'filme'}
Intent for 'cria lista de filmes do David Lynch': {'type': 'list_add', 'list_name': 'filme', 'item': 'do David Lynch'}

--- Testing List Name Extraction (Articles Filter) ---
Result for 'adiciona os mais famosos dele': Added to mercado: os mais famosos dele
Result for 'adiciona filmes Matrix': Added to filmes: Matrix

--- Testing Search Intent Detection ---
Query: 'mostre filmes de David Lynch' -> Search Intent: True
Query: 'quais s├úo os livros do Lovecraft' -> Search Intent: True
Query: 'recomende m├║sicas do Queen' -> Search Intent: True
PASSED
tests/test_list_search_logic.py::test_search_item_parsing PASSED
tests/test_load.py::test_100_concurrent_clients_health PASSED
tests/test_load.py::test_stress_8_users PASSED
tests/test_load.py::test_stress_6_users PASSED
tests/test_load.py::test_stress_8_users_full_backend PASSED
tests/test_load.py::test_stress_6_users_full_backend PASSED
tests/test_load_scaling.py::test_load_50_users PASSED
tests/test_load_scaling.py::test_load_100_users PASSED
tests/test_load_scaling.py::test_load_200_users PASSED
tests/test_load_scaling.py::test_load_500_users PASSED
tests/test_message_buffer.py::test_single_message_delivered PASSED
2026-03-21 22:48:12.259 | DEBUG    | zapista.bus.queue:_flush:122 - Buffer flush: whatsapp:222 acumulou 4 msgs \u2192 1 entrega
tests/test_message_buffer.py::test_multiple_messages_coalesced PASSED
tests/test_message_buffer.py::test_command_passes_immediately PASSED
tests/test_message_buffer.py::test_different_users_independent PASSED
tests/test_message_buffer.py::test_buffer_disabled_when_zero PASSED
2026-03-21 22:48:12.491 | DEBUG    | zapista.bus.queue:_flush:122 - Buffer flush: whatsapp:555 acumulou 3 msgs \u2192 1 entrega
tests/test_message_buffer.py::test_buffer_count_in_metadata PASSED
tests/test_onboarding_name.py::test_is_likely_valid_name_valid PASSED
tests/test_onboarding_name.py::test_is_likely_valid_name_invalid_confirmation PASSED
tests/test_onboarding_name.py::test_is_likely_valid_name_invalid_filler PASSED
tests/test_onboarding_name.py::test_is_likely_valid_name_spanish PASSED
tests/test_onboarding_name.py::test_is_likely_valid_name_too_long PASSED
tests/test_onboarding_name.py::test_is_likely_valid_name_empty PASSED
tests/test_onboarding_name.py::test_is_likely_valid_name_url PASSED
tests/test_onboarding_name.py::test_extract_name_with_mimo_logic PASSED
tests/test_period_parser.py::TestYear::test_year_pt_para PASSED
tests/test_period_parser.py::TestYear::test_year_pt_ano_de PASSED
tests/test_period_parser.py::TestYear::test_year_pt_em PASSED
tests/test_period_parser.py::TestYear::test_year_en_for PASSED
tests/test_period_parser.py::TestYear::test_year_en_in PASSED
tests/test_period_parser.py::TestYear::test_year_en_year PASSED
tests/test_period_parser.py::TestYear::test_year_es_para PASSED
tests/test_period_parser.py::TestYear::test_year_es_a±o PASSED
tests/test_period_parser.py::TestYear::test_year_es_del PASSED
tests/test_period_parser.py::TestYear::test_year_invalid_range PASSED
tests/test_period_parser.py::TestYear::test_year_para_o_ano PASSED
tests/test_period_parser.py::TestMonth::test_month_pt_em PASSED
tests/test_period_parser.py::TestMonth::test_month_pt_para PASSED
tests/test_period_parser.py::TestMonth::test_month_pt_past_month_uses_next_year PASSED
tests/test_period_parser.py::TestMonth::test_month_with_year PASSED
tests/test_period_parser.py::TestMonth::test_month_en_in PASSED
tests/test_period_parser.py::TestMonth::test_month_en_for PASSED
tests/test_period_parser.py::TestMonth::test_month_es_en PASSED
tests/test_period_parser.py::TestMonth::test_month_es_para PASSED
tests/test_period_parser.py::TestMonth::test_february_leap_year PASSED
tests/test_period_parser.py::TestMonth::test_february_non_leap_year PASSED
tests/test_period_parser.py::TestThisWeek::test_this_week_pt PASSED
tests/test_period_parser.py::TestThisWeek::test_this_week_en PASSED
tests/test_period_parser.py::TestThisWeek::test_this_week_es PASSED
tests/test_period_parser.py::TestNextWeek::test_next_week_pt_proxima PASSED
tests/test_period_parser.py::TestNextWeek::test_next_week_pt_semana_que_vem PASSED
tests/test_period_parser.py::TestNextWeek::test_next_week_en PASSED
tests/test_period_parser.py::TestThisMonth::test_this_month_pt PASSED
tests/test_period_parser.py::TestThisMonth::test_this_month_en PASSED
tests/test_period_parser.py::TestThisMonth::test_this_month_es PASSED
tests/test_period_parser.py::TestNextMonth::test_next_month_pt PASSED
tests/test_period_parser.py::TestNextMonth::test_next_month_pt_que_vem PASSED
tests/test_period_parser.py::TestNextMonth::test_next_month_en PASSED
tests/test_period_parser.py::TestNextMonth::test_next_month_december PASSED
tests/test_period_parser.py::TestTodayTomorrow::test_today_pt PASSED
tests/test_period_parser.py::TestTodayTomorrow::test_today_en PASSED
tests/test_period_parser.py::TestTodayTomorrow::test_today_es PASSED
tests/test_period_parser.py::TestTodayTomorrow::test_tomorrow_pt PASSED
tests/test_period_parser.py::TestTodayTomorrow::test_tomorrow_en PASSED
tests/test_period_parser.py::TestTodayTomorrow::test_tomorrow_es PASSED
tests/test_period_parser.py::TestWeekday::test_next_5_fridays PASSED
tests/test_period_parser.py::TestWeekday::test_next_5_fridays_en PASSED
tests/test_period_parser.py::TestWeekday::test_agenda_de_segunda PASSED
tests/test_period_parser.py::TestNoMatch::test_empty PASSED
tests/test_period_parser.py::TestNoMatch::test_unrelated PASSED
tests/test_period_parser.py::TestNoMatch::test_just_numbers PASSED
tests/test_period_parser.py::TestPeriodLabel::test_year_label PASSED
tests/test_period_parser.py::TestPeriodLabel::test_month_label_pt PASSED
tests/test_period_parser.py::TestPeriodLabel::test_month_label_en PASSED
tests/test_period_parser.py::TestPeriodLabel::test_month_label_es PASSED
tests/test_period_parser.py::TestPeriodLabel::test_day_label PASSED
tests/test_period_parser.py::TestPeriodLabel::test_week_label PASSED
tests/test_recipe_storage.py::test_save_recipe_intent PASSED
tests/test_recipe_storage.py::test_list_tool_no_split PASSED
tests/test_recipe_storage.py::test_handle_save_recipe_flow PASSED
tests/test_recipe_stress.py::TestRecipeIntentDetection::test_positive_recipe_intent_pt[receita de bolo de chocolate] PASSED
tests/test_recipe_stress.py::TestRecipeIntentDetection::test_positive_recipe_intent_pt[receita de escondidinho] PASSED
tests/test_recipe_stress.py::TestRecipeIntentDetection::test_positive_recipe_intent_pt[receita de frango grelhado com legumes] PASSED
tests/test_recipe_stress.py::TestRecipeIntentDetection::test_positive_recipe_intent_pt[ingredientes para fazer lasanha] PASSED
tests/test_recipe_stress.py::TestRecipeIntentDetection::test_positive_recipe_intent_pt[ingredientes de bolo de cenoura] PASSED
tests/test_recipe_stress.py::TestRecipeIntentDetection::test_positive_recipe_intent_pt[ingredientes para churrasco] PASSED
tests/test_recipe_stress.py::TestRecipeIntentDetection::test_positive_recipe_intent_pt[como fazer risoto de cogumelos] PASSED
tests/test_recipe_stress.py::TestRecipeIntentDetection::test_positive_recipe_intent_pt[como fazer p\xe3o de queijo] PASSED
tests/test_recipe_stress.py::TestRecipeIntentDetection::test_positive_recipe_intent_pt[lista de ingredientes para mousse de maracuj\xe1] PASSED
tests/test_recipe_stress.py::TestRecipeIntentDetection::test_positive_recipe_intent_pt[fa\xe7a uma lista de ingredientes para strogonoff] PASSED
tests/test_recipe_stress.py::TestRecipeIntentDetection::test_positive_recipe_intent_pt[me lembre a receita de brigadeiro] PASSED
tests/test_recipe_stress.py::TestRecipeIntentDetection::test_positive_recipe_intent_pt[passo a passo para fazer empad\xe3o] PASSED
tests/test_recipe_stress.py::TestRecipeIntentDetection::test_positive_recipe_intent_pt[receita da vov\xf3 de pudim] PASSED
tests/test_recipe_stress.py::TestRecipeIntentDetection::test_positive_recipe_intent_pt[receita para bolo de fub\xe1] PASSED
tests/test_recipe_stress.py::TestRecipeIntentDetection::test_positive_recipe_intent_pt[ingredientes da feijoada] PASSED
tests/test_recipe_stress.py::TestRecipeIntentDetection::test_positive_recipe_intent_multilang[how to make chocolate cake] PASSED
tests/test_recipe_stress.py::TestRecipeIntentDetection::test_positive_recipe_intent_multilang[ingredients for lasagna] PASSED
tests/test_recipe_stress.py::TestRecipeIntentDetection::test_positive_recipe_intent_multilang[recipe for chicken soup] PASSED
tests/test_recipe_stress.py::TestRecipeIntentDetection::test_positive_recipe_intent_multilang[ingredientes para hacer paella] PASSED
tests/test_recipe_stress.py::TestRecipeIntentDetection::test_positive_recipe_intent_multilang[receta de tortilla espa\xf1ola] PASSED
tests/test_recipe_stress.py::TestRecipeIntentDetection::test_positive_recipe_intent_multilang[como fazer sushi em casa] PASSED
tests/test_recipe_stress.py::TestRecipeIntentDetection::test_negative_recipe_intent[ol\xe1] PASSED
tests/test_recipe_stress.py::TestRecipeIntentDetection::test_negative_recipe_intent[bom dia] PASSED
tests/test_recipe_stress.py::TestRecipeIntentDetection::test_negative_recipe_intent[/help] PASSED
tests/test_recipe_stress.py::TestRecipeIntentDetection::test_negative_recipe_intent[/list mercado add leite] PASSED
tests/test_recipe_stress.py::TestRecipeIntentDetection::test_negative_recipe_intent[/receita bolo] PASSED
tests/test_recipe_stress.py::TestRecipeIntentDetection::test_negative_recipe_intent[boa noite] PASSED
tests/test_recipe_stress.py::TestRecipeIntentDetection::test_negative_recipe_intent[obrigado] PASSED
tests/test_recipe_stress.py::TestRecipeIntentDetection::test_negative_recipe_intent[lembrete amanh\xe3 9h] PASSED
tests/test_recipe_stress.py::TestRecipeIntentDetection::test_negative_recipe_intent[] PASSED
tests/test_recipe_stress.py::TestRecipeIntentDetection::test_negative_recipe_intent[   ] PASSED
tests/test_recipe_stress.py::TestRecipeIntentDetection::test_negative_recipe_intent[ok] PASSED
tests/test_recipe_stress.py::TestRecipeIntentDetection::test_negative_recipe_intent[sim] PASSED
tests/test_recipe_stress.py::TestRecipeIntentDetection::test_negative_recipe_intent[caf\xe9] PASSED
tests/test_recipe_stress.py::TestRecipeIntentDetection::test_positive_save_recipe[anote esta receita: 2 ovos, 1 x\xedcara de farinha...] PASSED
tests/test_recipe_stress.py::TestRecipeIntentDetection::test_positive_save_recipe[guarda esta receita de bolo de chocolate] PASSED
tests/test_recipe_stress.py::TestRecipeIntentDetection::test_positive_save_recipe[salve essa receita que te mandei] PASSED
tests/test_recipe_stress.py::TestRecipeIntentDetection::test_positive_save_recipe[save this recipe please] PASSED
tests/test_recipe_stress.py::TestRecipeIntentDetection::test_positive_save_recipe[guarda esta receta de paella] PASSED
tests/test_recipe_stress.py::TestRecipeIntentDetection::test_negative_save_recipe[receita de bolo] PASSED
tests/test_recipe_stress.py::TestRecipeIntentDetection::test_negative_save_recipe[como fazer bolo] PASSED
tests/test_recipe_stress.py::TestRecipeIntentDetection::test_negative_save_recipe[ol\xe1] PASSED
tests/test_recipe_stress.py::TestRecipeIntentDetection::test_negative_save_recipe[/receita salvar] PASSED
tests/test_recipe_stress.py::TestRecipeIntentDetection::test_negative_save_recipe[] PASSED
tests/test_recipe_stress.py::TestRecipeIntentDetection::test_negative_save_recipe[anote isso] PASSED
tests/test_recipe_stress.py::TestIngredientParsing::test_numbered_list PASSED
tests/test_recipe_stress.py::TestIngredientParsing::test_bullet_list PASSED
tests/test_recipe_stress.py::TestIngredientParsing::test_dash_list PASSED
tests/test_recipe_stress.py::TestIngredientParsing::test_stops_at_modo_de_preparo PASSED
tests/test_recipe_stress.py::TestIngredientParsing::test_stops_at_passos PASSED
tests/test_recipe_stress.py::TestIngredientParsing::test_stops_at_instructions PASSED
tests/test_recipe_stress.py::TestIngredientParsing::test_empty_input PASSED
tests/test_recipe_stress.py::TestIngredientParsing::test_no_list_markers PASSED
tests/test_recipe_stress.py::TestIngredientParsing::test_max_30_ingredients PASSED
tests/test_recipe_stress.py::TestIngredientParsing::test_truncates_long_items PASSED
tests/test_recipe_stress.py::TestIngredientParsing::test_mixed_formats PASSED
tests/test_recipe_stress.py::TestIngredientParsing::test_asterisk_bullets PASSED
tests/test_recipe_stress.py::TestIngredientParsing::test_parentheses_in_items PASSED
tests/test_recipe_stress.py::TestListNameDerivation::test_derives_name_from_query[receita de bolo de chocolate-bolo_de_chocolate] PASSED
tests/test_recipe_stress.py::TestListNameDerivation::test_derives_name_from_query[receita de escondidinho-escondidinho] PASSED
tests/test_recipe_stress.py::TestListNameDerivation::test_derives_name_from_query[ingredientes de lasanha-lasanha] PASSED
tests/test_recipe_stress.py::TestListNameDerivation::test_derives_name_from_query[como fazer risoto-risoto] PASSED
tests/test_recipe_stress.py::TestListNameDerivation::test_derives_name_from_query[lista de ingredientes para mousse-mousse] PASSED
tests/test_recipe_stress.py::TestListNameDerivation::test_empty_fallback PASSED
tests/test_recipe_stress.py::TestListNameDerivation::test_max_length PASSED
tests/test_recipe_stress.py::TestListNameDerivation::test_special_chars_removed PASSED
tests/test_recipe_stress.py::TestListNameDerivation::test_spaces_become_underscores PASSED
tests/test_recipe_stress.py::TestRecipeCommandParser::test_receita_shortcut PASSED
tests/test_recipe_stress.py::TestRecipeCommandParser::test_receita_category_mapping PASSED
tests/test_recipe_stress.py::TestRecipeCommandParser::test_list_receita_add PASSED
tests/test_recipe_stress.py::TestRecipeCommandParser::test_list_receita_category PASSED
tests/test_recipe_stress.py::TestRecipeCommandParser::test_list_recipe_en PASSED
tests/test_recipe_stress.py::TestRecipeCommandParser::test_list_receta_es PASSED
tests/test_recipe_stress.py::TestRecipeCommandParser::test_nl_add_receita PASSED
tests/test_recipe_stress.py::TestRecipeConfirmation::test_confirm_positive[sim] PASSED
tests/test_recipe_stress.py::TestRecipeConfirmation::test_confirm_positive[s] PASSED
tests/test_recipe_stress.py::TestRecipeConfirmation::test_confirm_positive[yes] PASSED
tests/test_recipe_stress.py::TestRecipeConfirmation::test_confirm_positive[y] PASSED
tests/test_recipe_stress.py::TestRecipeConfirmation::test_confirm_positive[pode] PASSED
tests/test_recipe_stress.py::TestRecipeConfirmation::test_confirm_positive[quero] PASSED
tests/test_recipe_stress.py::TestRecipeConfirmation::test_confirm_positive[faz isso] PASSED
tests/test_recipe_stress.py::TestRecipeConfirmation::test_confirm_positive[bora] PASSED
tests/test_recipe_stress.py::TestRecipeConfirmation::test_confirm_positive[claro] PASSED
tests/test_recipe_stress.py::TestRecipeConfirmation::test_confirm_positive[ok] PASSED
tests/test_recipe_stress.py::TestRecipeConfirmation::test_confirm_positive[beleza] PASSED
tests/test_recipe_stress.py::TestRecipeConfirmation::test_confirm_positive[pode ser] PASSED
tests/test_recipe_stress.py::TestRecipeConfirmation::test_confirm_positive[vale] PASSED
tests/test_recipe_stress.py::TestRecipeConfirmation::test_confirm_positive[valeu] PASSED
tests/test_recipe_stress.py::TestRecipeConfirmation::test_confirm_positive[do it] PASSED
tests/test_recipe_stress.py::TestRecipeConfirmation::test_confirm_positive[quero sim] PASSED
tests/test_recipe_stress.py::TestRecipeConfirmation::test_confirm_positive[pode criar] PASSED
tests/test_recipe_stress.py::TestRecipeConfirmation::test_confirm_positive[cria] PASSED
tests/test_recipe_stress.py::TestRecipeConfirmation::test_confirm_positive[criar] PASSED
tests/test_recipe_stress.py::TestRecipeConfirmation::test_confirm_positive[faz a lista] PASSED
tests/test_recipe_stress.py::TestRecipeConfirmation::test_confirm_positive[Sim] PASSED
tests/test_recipe_stress.py::TestRecipeConfirmation::test_confirm_positive[SIM] PASSED
tests/test_recipe_stress.py::TestRecipeConfirmation::test_confirm_positive[OK] PASSED
tests/test_recipe_stress.py::TestRecipeConfirmation::test_confirm_positive[Sim!] PASSED
tests/test_recipe_stress.py::TestRecipeConfirmation::test_confirm_positive[sim.] PASSED
tests/test_recipe_stress.py::TestRecipeConfirmation::test_confirm_positive[claro!] PASSED
tests/test_recipe_stress.py::TestRecipeConfirmation::test_cancel_positive[n\xe3o] PASSED
tests/test_recipe_stress.py::TestRecipeConfirmation::test_cancel_positive[nao] PASSED
tests/test_recipe_stress.py::TestRecipeConfirmation::test_cancel_positive[n] PASSED
tests/test_recipe_stress.py::TestRecipeConfirmation::test_cancel_positive[no] PASSED
tests/test_recipe_stress.py::TestRecipeConfirmation::test_cancel_positive[cancelar] PASSED
tests/test_recipe_stress.py::TestRecipeConfirmation::test_cancel_positive[cancel] PASSED
tests/test_recipe_stress.py::TestRecipeConfirmation::test_cancel_positive[nope] PASSED
tests/test_recipe_stress.py::TestRecipeConfirmation::test_confirm_negative[] PASSED
tests/test_recipe_stress.py::TestRecipeConfirmation::test_confirm_negative[   ] PASSED
tests/test_recipe_stress.py::TestRecipeConfirmation::test_confirm_negative[None] PASSED
tests/test_recipe_stress.py::TestRecipeConfirmation::test_confirm_negative[receita de bolo] PASSED
tests/test_recipe_stress.py::TestRecipeConfirmation::test_confirm_negative[talvez amanh\xe3] PASSED
tests/test_recipe_stress.py::TestRecipeConfirmation::test_confirm_negative[aaaaaaaaaaaaaaaaaaaaaaaaaaaaaaaaaaaaaaaaaaaaaaaaaaaaaaaaaaaaaaaaaaaaaaaaaaaaaaaaaaaaaaaaaaaaaaaaaaaa] PASSED
tests/test_recipe_stress.py::TestRecipeConfirmation::test_cancel_doesnt_match_confirm PASSED
tests/test_recipe_stress.py::TestRecipeEdgeCases::test_recipe_with_unicode_emojis PASSED
tests/test_recipe_stress.py::TestRecipeEdgeCases::test_recipe_with_accents PASSED
tests/test_recipe_stress.py::TestRecipeEdgeCases::test_ingredient_with_fractions PASSED
tests/test_recipe_stress.py::TestRecipeEdgeCases::test_ingredient_with_measurements PASSED
tests/test_recipe_stress.py::TestRecipeEdgeCases::test_only_preparation_no_ingredients PASSED
tests/test_recipe_stress.py::TestRecipeEdgeCases::test_recipe_intent_minimum_length PASSED
tests/test_recipe_stress.py::TestRecipeEdgeCases::test_list_name_with_all_special_chars PASSED
tests/test_recipe_stress.py::TestRecipeEdgeCases::test_newlines_in_ingredient_list PASSED
tests/test_recipe_stress.py::TestRecipeEdgeCases::test_mixed_numbered_formats PASSED
tests/test_recipe_stress.py::TestRecipeEdgeCases::test_stops_at_directions_en PASSED
tests/test_recipe_stress.py::TestRecipeEdgeCases::test_stops_at_como_fazer PASSED
tests/test_recipe_stress.py::test_recipe_concurrent_parsing PASSED
tests/test_recipe_stress.py::test_recipe_via_command_parser_stress PASSED
tests/test_recipe_stress.py::test_recipe_full_pipeline_no_llm PASSED
tests/test_recurring_event_flow.py::test_is_scheduled_recurring_event PASSED
tests/test_recurring_event_flow.py::test_parse_recurring_schedule PASSED
tests/test_recurring_event_flow.py::test_format_schedule_for_display PASSED
tests/test_recurring_event_flow.py::test_parse_end_date_response PASSED
tests/test_recurring_event_flow.py::test_looks_like_confirm PASSED
tests/test_reminder_flow.py::test_has_vague_time PASSED
tests/test_reminder_flow.py::test_has_reminder_intent PASSED
tests/test_reminder_flow.py::test_is_vague_time_reminder PASSED
tests/test_reminder_flow.py::test_parse_time_from_response PASSED
tests/test_reminder_flow.py::test_parse_advance_seconds PASSED
tests/test_reminder_flow.py::test_looks_like_advance_preference PASSED
tests/test_reminder_flow.py::test_is_consulta_context PASSED
tests/test_reminder_flow.py::test_has_vague_date PASSED
tests/test_reminder_flow.py::test_is_vague_date_reminder PASSED
tests/test_reminder_flow.py::test_parse_date_from_response PASSED
tests/test_resolve_response_language.py::test_stored_language_always_wins PASSED
tests/test_resolve_response_language.py::test_resolve_pt_br_unchanged PASSED
tests/test_resolve_response_language.py::test_resolve_en_stays_en PASSED
tests/test_sanitize.py::test_sanitize_string_strips_control_chars PASSED
tests/test_sanitize.py::test_sanitize_string_truncates PASSED
tests/test_sanitize.py::test_sanitize_string_allow_newline PASSED
tests/test_sanitize.py::test_validate_cron_expr PASSED
tests/test_sanitize.py::test_sanitize_payload PASSED
tests/test_sanitize.py::test_sanitize_payload_depth PASSED
tests/test_sanitize.py::test_clamp_limit PASSED
tests/test_sensitive_data_filter.py::test_credentials_regex_blocked PASSED
tests/test_sensitive_data_filter.py::test_credentials_regex_allowed PASSED
tests/test_sensitive_data_filter.py::test_safe_intent_heuristics PASSED
tests/test_sensitive_data_filter.py::test_edge_cases PASSED
tests/test_sensitive_data_filter.py::test_sensitive_data_full_flow PASSED
tests/test_sensitive_data_filter.py::test_sensitive_data_llm_integration PASSED
tests/test_sensitive_data_filter.py::test_refusal_messages PASSED
tests/test_sensitive_data_filter.py::test_fail_safe PASSED
tests/test_stale_flow.py::test_new_request_clears_stale_flow PASSED
tests/test_stop_resume.py::test_stop_flow PASSED
tests/test_stress_verification.py::test_normalize_command_i18n_aliases PASSED
tests/test_stress_verification.py::test_normalize_command_non_commands_unchanged PASSED
tests/test_stress_verification.py::test_normalize_command_edge_cases PASSED
tests/test_stress_verification.py::test_route_help_returns_text PASSED
tests/test_stress_verification.py::test_stress_route_many_sequential PASSED
tests/test_stress_verification.py::test_stress_route_concurrent PASSED
tests/test_stress_verification.py::test_stress_normalize_many_commands PASSED
tests/test_tool_validation.py::test_validate_params_missing_required PASSED
tests/test_tool_validation.py::test_validate_params_type_and_range PASSED
tests/test_tool_validation.py::test_validate_params_enum_and_min_length PASSED
tests/test_tool_validation.py::test_validate_params_nested_object_and_array PASSED
tests/test_tool_validation.py::test_validate_params_ignores_unknown_fields PASSED
tests/test_tool_validation.py::test_registry_returns_validation_error PASSED
tests/test_tts_preprocess.py::TestStripMarkdownForTTS::test_remove_asterisks PASSED
tests/test_tts_preprocess.py::TestStripMarkdownForTTS::test_remove_underscores PASSED
tests/test_tts_preprocess.py::TestStripMarkdownForTTS::test_empty_unchanged PASSED
tests/test_tts_preprocess.py::TestNormalizeTimesForTTS::test_h_format_pt PASSED
tests/test_tts_preprocess.py::TestNormalizeTimesForTTS::test_colon_format_pt PASSED
tests/test_tts_preprocess.py::TestNormalizeTimesForTTS::test_4digit_pt PASSED
tests/test_tts_preprocess.py::TestNormalizeTimesForTTS::test_english_hours PASSED
tests/test_tts_preprocess.py::TestNormalizeTimesForTTS::test_spanish_y PASSED
tests/test_tts_preprocess.py::TestNormalizeTimesForTTS::test_dot_format PASSED
tests/test_tts_preprocess.py::TestNormalizeTimesForTTS::test_dot_h_format PASSED
tests/test_tts_preprocess.py::TestNormalizeTimesForTTS::test_12h_am_pm PASSED
tests/test_tts_preprocess.py::TestNormalizeTimesForTTS::test_year_not_replaced PASSED
tests/test_tts_preprocess.py::TestNormalizeTimesForTTS::test_noon_midnight_words PASSED
tests/test_tts_preprocess.py::TestNormalizeTimesForTTS::test_24_midnight PASSED
tests/test_tts_preprocess.py::TestNormalizeTimesForTTS::test_12_noon PASSED
tests/test_tts_preprocess.py::TestNormalizeTimesForTTS::test_dash_format PASSED
tests/test_tts_preprocess.py::TestNormalizeTimesForTTS::test_interval PASSED
tests/test_tts_preprocess.py::TestNormalizeTimesForTTS::test_h_min_suffix PASSED
tests/test_tts_preprocess.py::TestNormalizeTimesForTTS::test_seconds_ignored PASSED
tests/test_tts_preprocess.py::TestNormalizeTimesForTTS::test_space_hm PASSED
tests/test_tts_preprocess.py::TestPrepareTextForTTS::test_combined PASSED
tests/test_tts_preprocess.py::TestPrepareTextForTTS::test_empty PASSED
tests/test_tts_stt_stress.py::TestTTSVoices::test_resolve_locale_override_ptpt PASSED
tests/test_tts_stt_stress.py::TestTTSVoices::test_resolve_locale_override_ptbr PASSED
tests/test_tts_stt_stress.py::TestTTSVoices::test_resolve_locale_override_es_en PASSED
tests/test_tts_stt_stress.py::TestTTSVoices::test_resolve_locale_from_db PASSED
tests/test_tts_stt_stress.py::TestTTSVoices::test_resolve_locale_phone_fallback PASSED
tests/test_tts_stt_stress.py::TestTTSVoices::test_get_voice_paths_no_models_returns_none PASSED
tests/test_tts_stt_stress.py::TestTTSVoices::test_get_voice_paths_fallback_locale PASSED
tests/test_tts_stt_stress.py::TestTTSVoices::test_tts_models_base_from_env PASSED
tests/test_tts_stt_stress.py::TestTTSConfig::test_tts_disabled_by_default PASSED
tests/test_tts_stt_stress.py::TestTTSConfig::test_tts_enabled_when_set PASSED
tests/test_tts_stt_stress.py::TestTTSConfig::test_tts_max_words_default PASSED
tests/test_tts_stt_stress.py::TestTTSConfig::test_tts_max_audio_seconds_default PASSED
tests/test_tts_stt_stress.py::TestTTSService::test_synthesize_disabled_returns_none PASSED
tests/test_tts_stt_stress.py::TestTTSService::test_synthesize_empty_text_returns_none PASSED
2026-03-21 22:48:13.105 | DEBUG    | zapista.tts.service:synthesize_voice_note:136 - TTS skip: 50 words > 40
tests/test_tts_stt_stress.py::TestTTSService::test_synthesize_exceeds_max_words_returns_none PASSED
2026-03-21 22:48:13.107 | DEBUG    | zapista.tts.service:synthesize_voice_note:141 - TTS: no voice for locale en
tests/test_tts_stt_stress.py::TestTTSService::test_synthesize_no_voice_returns_none PASSED
tests/test_tts_stt_stress.py::TestTTSService::test_synthesize_piper_fails_returns_none PASSED
tests/test_tts_stt_stress.py::TestTTSService::test_synthesize_success_returns_ogg_path PASSED
tests/test_tts_stt_stress.py::TestTTSAudio::test_ensure_tmp_dir_creates_path PASSED
tests/test_tts_stt_stress.py::TestTTSAudio::test_cleanup_wav_removes_file PASSED
2026-03-21 22:48:13.120 | WARNING  | zapista.tts.audio:wav_to_ogg_opus:19 - TTS audio too long: 20.0s > 15.0s
tests/test_tts_stt_stress.py::TestTTSAudio::test_wav_to_ogg_audio_too_long_returns_false PASSED
tests/test_tts_stt_stress.py::TestSTTTranscribe::test_transcribe_disabled_returns_empty PASSED
tests/test_tts_stt_stress.py::TestSTTTranscribe::test_transcribe_empty_base64_returns_empty PASSED
tests/test_tts_stt_stress.py::TestSTTTranscribe::test_transcribe_local_success PASSED
tests/test_tts_stt_stress.py::TestSTTTranscribe::test_transcribe_local_fails_fallback_openai PASSED
2026-03-21 22:48:13.175 | WARNING  | zapista.stt.transcriber:transcribe:28 - No STT provider succeeded
tests/test_tts_stt_stress.py::TestSTTTranscribe::test_transcribe_all_fail_returns_empty PASSED
tests/test_tts_stt_stress.py::TestSTTAudioUtils::test_decode_base64_valid PASSED
2026-03-21 22:48:13.180 | WARNING  | zapista.stt.audio_utils:decode_base64_to_temp:29 - Invalid base64 audio: Non-base64 digit found
tests/test_tts_stt_stress.py::TestSTTAudioUtils::test_decode_base64_invalid_returns_none PASSED
tests/test_tts_stt_stress.py::TestSTTAudioUtils::test_get_duration_seconds_missing_file PASSED
2026-03-21 22:48:13.217 | WARNING  | zapista.stt.audio_utils:decode_base64_to_temp:29 - Invalid base64 audio: Non-base64 digit found
tests/test_tts_stt_stress.py::TestSTTAudioUtils::test_check_audio_duration_invalid_base64 PASSED
tests/test_tts_stt_stress.py::TestTTSStressConcurrent::test_resolve_locale_100_times PASSED
tests/test_tts_stt_stress.py::TestTTSStressConcurrent::test_get_voice_paths_100_times_empty_base PASSED
tests/test_tts_stt_stress.py::TestSTTStressConcurrent::test_transcribe_disabled_100_times PASSED
tests/test_tts_stt_stress.py::TestSTTStressConcurrent::test_transcribe_mocked_50_times PASSED
tests/test_vague_reminder.py::test_vague_messages PASSED
tests/test_vague_reminder.py::test_concrete_messages PASSED
2026-03-21 22:48:13.250 | INFO     | zapista.channels.whatsapp:_handle_bridge_message:373 - WhatsApp from sender='351912345678@s.whatsapp.net' pn='351912345678' \u2192 chat_id='351912345678' (sender_id='351912345678')
tests/test_voice_flow.py::test_voice_audio_too_large_sends_localized_message PASSED
2026-03-21 22:48:13.256 | INFO     | zapista.channels.whatsapp:_handle_bridge_message:373 - WhatsApp from sender='447911123456@s.whatsapp.net' pn='447911123456' \u2192 chat_id='447911123456' (sender_id='447911123456')
tests/test_voice_flow.py::test_voice_audio_too_large_english PASSED
2026-03-21 22:48:13.263 | INFO     | zapista.channels.whatsapp:_handle_bridge_message:373 - WhatsApp from sender='5511999999999@s.whatsapp.net' pn='5511999999999' \u2192 chat_id='5511999999999' (sender_id='5511999999999')
tests/test_voice_flow.py::test_voice_forwarded_rejected PASSED
2026-03-21 22:48:13.268 | INFO     | zapista.channels.whatsapp:_handle_bridge_message:373 - WhatsApp from sender='351111222333@s.whatsapp.net' pn='351111222333' \u2192 chat_id='351111222333' (sender_id='351111222333')
tests/test_voice_flow.py::test_voice_not_allowed_audio_sender_rejected PASSED
2026-03-21 22:48:13.297 | INFO     | zapista.channels.whatsapp:_handle_bridge_message:373 - WhatsApp from sender='34612345678@s.whatsapp.net' pn='34612345678' \u2192 chat_id='34612345678' (sender_id='34612345678')
tests/test_voice_flow.py::test_voice_duration_too_long_rejected PASSED
2026-03-21 22:48:13.303 | INFO     | zapista.channels.whatsapp:_handle_bridge_message:373 - WhatsApp from sender='5511988887777@s.whatsapp.net' pn='5511988887777' \u2192 chat_id='5511988887777' (sender_id='5511988887777')
tests/test_voice_flow.py::test_voice_transcribe_failed_sends_error PASSED
2026-03-21 22:48:13.310 | INFO     | zapista.channels.whatsapp:_handle_bridge_message:373 - WhatsApp from sender='447700000001@s.whatsapp.net' pn='447700000001' \u2192 chat_id='447700000001' (sender_id='447700000001')
tests/test_voice_flow.py::test_voice_transcribe_success_forwards_to_agent PASSED
2026-03-21 22:48:13.343 | INFO     | zapista.channels.whatsapp:_handle_bridge_message:373 - WhatsApp from sender='351987654321@s.whatsapp.net' pn='351987654321' \u2192 chat_id='351987654321' (sender_id='351987654321')
tests/test_voice_flow.py::test_voice_no_mediabase64_sends_not_received PASSED
2026-03-21 22:48:13.346 | WARNING  | zapista.stt.audio_utils:decode_base64_to_temp:29 - Invalid base64 audio: Non-base64 digit found
tests/test_voice_flow.py::test_audio_utils_check_duration_invalid_base64 PASSED
tests/test_voice_flow.py::test_audio_utils_decode_base64 PASSED
2026-03-21 22:48:13.350 | WARNING  | zapista.stt.audio_utils:decode_base64_to_temp:29 - Invalid base64 audio: Non-base64 digit found
tests/test_voice_flow.py::test_audio_utils_decode_invalid_returns_none PASSED
tests/test_voice_flow.py::test_locale_audio_messages_all_langs PASSEDQuery: 'filmes com o Brad Pitt' -> Search Intent: True
Non-Search Query: 'me lembra de comprar p├úo' -> Search Intent: False
Non-Search Query: 'anota isso' -> Search Intent: False
Non-Search Query: 'mostre minha lista de compras' -> Search Intent: False

--- Testing Search Item Parsing ---
Parsed items: ['Eraserhead (1977)', 'The Elephant Man (1980)', 'Blue Velvet (1986)', 'Mulholland Drive (2001)', 'Inland Empire (2006)']

[stress] 8 users x 25 req = 200 requests em 0.12s (~1686 req/s)

[stress] 6 users x 30 req = 180 requests em 0.11s (~1667 req/s)

[stress full] 8 users x 4 rounds x 5 req/round = 160 requests em 0.58s (~274 req/s)

[stress full] 6 users x 5 rounds x 4 req/round = 120 requests em 0.53s (~225 req/s)

[LOAD 50U] 50 users x 10 cmds = 500 ops...
[LOAD 50U] RESULTS:
  OK: 500  FAIL: 0
  Time: 1.07s  Ops/s: 469
  Latency avg: 2.0ms  p95: 3.4ms  max: 5.8ms

[LOAD 100U] 100 users x 10 cmds = 1000 ops...
[LOAD 100U] RESULTS:
  OK: 1000  FAIL: 0
  Time: 2.16s  Ops/s: 464
  Latency avg: 2.0ms  p95: 3.3ms  max: 5.7ms

[LOAD 200U] 200 users x 10 cmds = 2000 ops...
[LOAD 200U] RESULTS:
  OK: 2000  FAIL: 0
  Time: 4.23s  Ops/s: 473
  Latency avg: 2.0ms  p95: 3.2ms  max: 5.5ms

[LOAD 500U] 500 users x 10 cmds = 5000 ops...
[LOAD 500U] RESULTS:
  OK: 5000  FAIL: 0
  Time: 10.66s  Ops/s: 469
  Latency avg: 2.0ms  p95: 3.3ms  max: 19.2ms
--- Testing Save Recipe Intent ---
Query: 'Anota esta receita de omelete:...' -> Detected: True
Query: 'Guarda esta receita: 1kg de ca...' -> Detected: True
Query: 'anote essa receita deliciosa...' -> Detected: True
Query: 'save this recipe please...' -> Detected: True
Non-Query: 'mostre minha lista de compras...' -> Detected: False
Non-Query: 'me lembra de comprar ovos...' -> Detected: False
Non-Query: 'anota ai: comprar leite...' -> Detected: False

--- Testing List Tool no_split ---
Split result count (expected > 1): 4
No-split result count: 1

--- Testing handle_save_provided_recipe flow ---
Flow result obtained.

[RECIPE STRESS] 200 concurrent recipe operations...
[RECIPE STRESS] Results: intent=200 parse=200 name=200 errors=0 time=0.00s

[PARSER STRESS] 100 /receita commands: 100 OK, 0 errors

[PIPELINE] Full recipe pipeline (no LLM): OK
  Query: receita de bolo de chocolate
  Ingredients: 6
  List name: compras_bolo_de_chocolate
  Confirm/cancel: working
--- Testing /stop prompt ---
Reply: ≡ƒöò Do you want to pause messages? You will stop receiving reminders and notifications.

1∩╕ÅΓâú Sim  2∩╕ÅΓâú N├úo
Pending auto: {'action': 'confirm_stop', 'payload': {}, 'ts': 1774133292.7587154}

--- Testing confirmation (Sim) ---
Reply: ≡ƒöò Paused. You will no longer receive automatic messages. Type /resume or /start to resume. ≡ƒæï
User is_paused: True

--- Testing /resume ---
Reply: ≡ƒöö Welcome back! Notifications have been reactivated. Γ£¿
User is_paused after resume: False

--- Testing /stop then N├úo ---
Reply: Ok, notifications remain active. ≡ƒÿè
User is_paused after Non: False
